<?xml version="1.0" encoding="UTF-8"?>
<coverage generated="1497837607771" clover="3.2.0">
  <project timestamp="1497837607771" name="All files">
    <metrics statements="241" coveredstatements="162" conditionals="59" coveredconditionals="47" methods="94" coveredmethods="44" elements="394" coveredelements="253" complexity="0" loc="241" ncloc="241" packages="7" files="30" classes="30">
      <package name="Accountabili-buddy">
        <metrics statements="1" coveredstatements="1" conditionals="0" coveredconditionals="0" methods="0" coveredmethods="0"/>
        <file name="setupJest.js" path="/Users/paolaclaros/Dev/capstone/Accountabili-buddy/setupJest.js">
          <metrics statements="1" coveredstatements="1" conditionals="0" coveredconditionals="0" methods="0" coveredmethods="0"/>
          <line num="3" count="22" type="stmt"/>
        </file>
      </package>
      <package name="Accountabili-buddy.src.actions">
        <metrics statements="120" coveredstatements="67" conditionals="2" coveredconditionals="0" methods="62" coveredmethods="27"/>
        <file name="index.js" path="/Users/paolaclaros/Dev/capstone/Accountabili-buddy/src/actions/index.js">
          <metrics statements="120" coveredstatements="67" conditionals="2" coveredconditionals="0" methods="62" coveredmethods="27"/>
          <line num="5" count="12" type="stmt"/>
          <line num="6" count="0" type="stmt"/>
          <line num="7" count="0" type="stmt"/>
          <line num="19" count="0" type="stmt"/>
          <line num="22" count="0" type="stmt"/>
          <line num="23" count="0" type="stmt"/>
          <line num="25" count="0" type="stmt"/>
          <line num="29" count="12" type="stmt"/>
          <line num="30" count="0" type="stmt"/>
          <line num="33" count="12" type="stmt"/>
          <line num="34" count="0" type="stmt"/>
          <line num="35" count="0" type="stmt"/>
          <line num="51" count="0" type="stmt"/>
          <line num="53" count="0" type="stmt"/>
          <line num="55" count="0" type="stmt"/>
          <line num="59" count="12" type="stmt"/>
          <line num="60" count="1" type="stmt"/>
          <line num="61" count="1" type="stmt"/>
          <line num="62" count="1" type="stmt"/>
          <line num="64" count="1" type="stmt"/>
          <line num="66" count="0" type="stmt"/>
          <line num="70" count="12" type="stmt"/>
          <line num="71" count="1" type="stmt"/>
          <line num="72" count="1" type="stmt"/>
          <line num="73" count="1" type="stmt"/>
          <line num="75" count="1" type="stmt"/>
          <line num="78" count="0" type="stmt"/>
          <line num="82" count="12" type="stmt"/>
          <line num="83" count="1" type="stmt"/>
          <line num="84" count="1" type="stmt"/>
          <line num="85" count="1" type="stmt"/>
          <line num="86" count="1" type="stmt"/>
          <line num="87" count="1" type="stmt"/>
          <line num="89" count="1" type="stmt"/>
          <line num="90" count="1" type="stmt"/>
          <line num="91" count="4" type="stmt"/>
          <line num="93" count="1" type="stmt"/>
          <line num="96" count="0" type="stmt"/>
          <line num="100" count="12" type="stmt"/>
          <line num="101" count="1" type="stmt"/>
          <line num="102" count="1" type="stmt"/>
          <line num="104" count="1" type="stmt"/>
          <line num="107" count="1" type="stmt"/>
          <line num="109" count="0" type="stmt"/>
          <line num="113" count="12" type="stmt"/>
          <line num="114" count="1" type="stmt"/>
          <line num="115" count="1" type="stmt"/>
          <line num="117" count="1" type="stmt"/>
          <line num="120" count="1" type="stmt"/>
          <line num="122" count="0" type="stmt"/>
          <line num="126" count="12" type="stmt"/>
          <line num="127" count="0" type="stmt"/>
          <line num="128" count="0" type="stmt"/>
          <line num="143" count="0" type="stmt"/>
          <line num="145" count="0" type="stmt"/>
          <line num="147" count="0" type="stmt"/>
          <line num="153" count="12" type="stmt"/>
          <line num="154" count="1" type="stmt"/>
          <line num="160" count="12" type="stmt"/>
          <line num="161" count="1" type="stmt"/>
          <line num="167" count="12" type="stmt"/>
          <line num="168" count="1" type="stmt"/>
          <line num="174" count="12" type="stmt"/>
          <line num="175" count="0" type="stmt"/>
          <line num="176" count="0" type="stmt"/>
          <line num="178" count="0" type="cond" truecount="0" falsecount="2"/>
          <line num="179" count="0" type="stmt"/>
          <line num="180" count="0" type="stmt"/>
          <line num="182" count="0" type="stmt"/>
          <line num="183" count="0" type="stmt"/>
          <line num="184" count="0" type="stmt"/>
          <line num="185" count="0" type="stmt"/>
          <line num="186" count="0" type="stmt"/>
          <line num="187" count="0" type="stmt"/>
          <line num="193" count="12" type="stmt"/>
          <line num="194" count="0" type="stmt"/>
          <line num="195" count="0" type="stmt"/>
          <line num="196" count="0" type="stmt"/>
          <line num="197" count="0" type="stmt"/>
          <line num="198" count="0" type="stmt"/>
          <line num="203" count="12" type="stmt"/>
          <line num="204" count="1" type="stmt"/>
          <line num="210" count="12" type="stmt"/>
          <line num="211" count="1" type="stmt"/>
          <line num="217" count="12" type="stmt"/>
          <line num="218" count="1" type="stmt"/>
          <line num="224" count="12" type="stmt"/>
          <line num="225" count="0" type="stmt"/>
          <line num="226" count="0" type="stmt"/>
          <line num="230" count="12" type="stmt"/>
          <line num="231" count="1" type="stmt"/>
          <line num="237" count="12" type="stmt"/>
          <line num="238" count="0" type="stmt"/>
          <line num="244" count="12" type="stmt"/>
          <line num="245" count="0" type="stmt"/>
          <line num="251" count="12" type="stmt"/>
          <line num="252" count="0" type="stmt"/>
          <line num="258" count="12" type="stmt"/>
          <line num="259" count="1" type="stmt"/>
          <line num="265" count="12" type="stmt"/>
          <line num="266" count="0" type="stmt"/>
          <line num="272" count="12" type="stmt"/>
          <line num="273" count="0" type="stmt"/>
          <line num="279" count="12" type="stmt"/>
          <line num="280" count="0" type="stmt"/>
          <line num="286" count="12" type="stmt"/>
          <line num="287" count="0" type="stmt"/>
          <line num="293" count="12" type="stmt"/>
          <line num="294" count="1" type="stmt"/>
          <line num="300" count="12" type="stmt"/>
          <line num="301" count="1" type="stmt"/>
          <line num="307" count="12" type="stmt"/>
          <line num="308" count="1" type="stmt"/>
          <line num="314" count="12" type="stmt"/>
          <line num="315" count="0" type="stmt"/>
          <line num="316" count="0" type="stmt"/>
          <line num="317" count="0" type="stmt"/>
          <line num="318" count="0" type="stmt"/>
          <line num="319" count="0" type="stmt"/>
          <line num="320" count="0" type="stmt"/>
        </file>
      </package>
      <package name="Accountabili-buddy.src.components.common">
        <metrics statements="23" coveredstatements="20" conditionals="2" coveredconditionals="0" methods="6" coveredmethods="4"/>
        <file name="Button.js" path="/Users/paolaclaros/Dev/capstone/Accountabili-buddy/src/components/common/Button.js">
          <metrics statements="4" coveredstatements="4" conditionals="0" coveredconditionals="0" methods="1" coveredmethods="1"/>
          <line num="4" count="1" type="stmt"/>
          <line num="5" count="3" type="stmt"/>
          <line num="7" count="3" type="stmt"/>
          <line num="20" count="1" type="stmt"/>
        </file>
        <file name="Card.js" path="/Users/paolaclaros/Dev/capstone/Accountabili-buddy/src/components/common/Card.js">
          <metrics statements="3" coveredstatements="3" conditionals="0" coveredconditionals="0" methods="1" coveredmethods="1"/>
          <line num="4" count="1" type="stmt"/>
          <line num="5" count="1" type="stmt"/>
          <line num="12" count="1" type="stmt"/>
        </file>
        <file name="CardSection.js" path="/Users/paolaclaros/Dev/capstone/Accountabili-buddy/src/components/common/CardSection.js">
          <metrics statements="5" coveredstatements="5" conditionals="0" coveredconditionals="0" methods="1" coveredmethods="1"/>
          <line num="4" count="1" type="stmt"/>
          <line num="5" count="10" type="stmt"/>
          <line num="12" count="1" type="stmt"/>
          <line num="13" count="1" type="stmt"/>
          <line num="15" count="1" type="stmt"/>
        </file>
        <file name="Header.js" path="/Users/paolaclaros/Dev/capstone/Accountabili-buddy/src/components/common/Header.js">
          <metrics statements="4" coveredstatements="2" conditionals="0" coveredconditionals="0" methods="1" coveredmethods="0"/>
          <line num="4" count="1" type="stmt"/>
          <line num="5" count="0" type="stmt"/>
          <line num="7" count="0" type="stmt"/>
          <line num="14" count="1" type="stmt"/>
        </file>
        <file name="Input.js" path="/Users/paolaclaros/Dev/capstone/Accountabili-buddy/src/components/common/Input.js">
          <metrics statements="4" coveredstatements="4" conditionals="0" coveredconditionals="0" methods="1" coveredmethods="1"/>
          <line num="4" count="1" type="stmt"/>
          <line num="5" count="6" type="stmt"/>
          <line num="7" count="6" type="stmt"/>
          <line num="30" count="1" type="stmt"/>
        </file>
        <file name="Spinner.js" path="/Users/paolaclaros/Dev/capstone/Accountabili-buddy/src/components/common/Spinner.js">
          <metrics statements="3" coveredstatements="2" conditionals="2" coveredconditionals="0" methods="1" coveredmethods="0"/>
          <line num="4" count="1" type="stmt"/>
          <line num="5" count="0" type="stmt"/>
          <line num="12" count="1" type="stmt"/>
        </file>
        <file name="index.js" path="/Users/paolaclaros/Dev/capstone/Accountabili-buddy/src/components/common/index.js">
          <metrics statements="0" coveredstatements="0" conditionals="0" coveredconditionals="0" methods="0" coveredmethods="0"/>
        </file>
      </package>
      <package name="Accountabili-buddy.src.containers">
        <metrics statements="30" coveredstatements="11" conditionals="6" coveredconditionals="2" methods="16" coveredmethods="3"/>
        <file name="Register.js" path="/Users/paolaclaros/Dev/capstone/Accountabili-buddy/src/containers/Register.js">
          <metrics statements="30" coveredstatements="11" conditionals="6" coveredconditionals="2" methods="16" coveredmethods="3"/>
          <line num="18" count="1" type="stmt"/>
          <line num="27" count="0" type="stmt"/>
          <line num="29" count="0" type="stmt"/>
          <line num="40" count="1" type="stmt"/>
          <line num="41" count="0" type="stmt"/>
          <line num="56" count="0" type="stmt"/>
          <line num="60" count="0" type="stmt"/>
          <line num="64" count="0" type="stmt"/>
          <line num="68" count="0" type="stmt"/>
          <line num="72" count="0" type="stmt"/>
          <line num="76" count="0" type="stmt"/>
          <line num="80" count="0" type="stmt"/>
          <line num="82" count="0" type="stmt"/>
          <line num="86" count="0" type="stmt"/>
          <line num="88" count="0" type="stmt"/>
          <line num="92" count="1" type="stmt"/>
          <line num="93" count="1" type="stmt"/>
          <line num="95" count="1" type="cond" truecount="1" falsecount="1"/>
          <line num="99" count="1" type="cond" truecount="1" falsecount="1"/>
          <line num="100" count="0" type="stmt"/>
          <line num="107" count="1" type="stmt"/>
          <line num="109" count="1" type="stmt"/>
          <line num="112" count="0" type="cond" truecount="0" falsecount="2"/>
          <line num="113" count="0" type="stmt"/>
          <line num="114" count="0" type="stmt"/>
          <line num="124" count="1" type="stmt"/>
          <line num="128" count="0" type="stmt"/>
          <line num="188" count="0" type="stmt"/>
          <line num="205" count="1" type="stmt"/>
          <line num="210" count="1" type="stmt"/>
        </file>
      </package>
      <package name="Accountabili-buddy.src.reducers">
        <metrics statements="57" coveredstatements="53" conditionals="49" coveredconditionals="45" methods="8" coveredmethods="8"/>
        <file name="LoginReducer.js" path="/Users/paolaclaros/Dev/capstone/Accountabili-buddy/src/reducers/LoginReducer.js">
          <metrics statements="12" coveredstatements="11" conditionals="11" coveredconditionals="10" methods="1" coveredmethods="1"/>
          <line num="3" count="1" type="cond" truecount="1" falsecount="0"/>
          <line num="4" count="9" type="cond" truecount="9" falsecount="1"/>
          <line num="6" count="1" type="stmt"/>
          <line num="8" count="1" type="stmt"/>
          <line num="10" count="1" type="stmt"/>
          <line num="12" count="1" type="stmt"/>
          <line num="14" count="1" type="stmt"/>
          <line num="16" count="1" type="stmt"/>
          <line num="18" count="1" type="stmt"/>
          <line num="20" count="1" type="stmt"/>
          <line num="22" count="0" type="stmt"/>
          <line num="24" count="1" type="stmt"/>
        </file>
        <file name="PhotoEditReducer.js" path="/Users/paolaclaros/Dev/capstone/Accountabili-buddy/src/reducers/PhotoEditReducer.js">
          <metrics statements="10" coveredstatements="9" conditionals="9" coveredconditionals="8" methods="1" coveredmethods="1"/>
          <line num="3" count="1" type="cond" truecount="1" falsecount="0"/>
          <line num="4" count="7" type="cond" truecount="7" falsecount="1"/>
          <line num="6" count="1" type="stmt"/>
          <line num="8" count="1" type="stmt"/>
          <line num="10" count="0" type="stmt"/>
          <line num="12" count="1" type="stmt"/>
          <line num="14" count="1" type="stmt"/>
          <line num="16" count="1" type="stmt"/>
          <line num="18" count="1" type="stmt"/>
          <line num="20" count="1" type="stmt"/>
        </file>
        <file name="PlayersListReducer.js" path="/Users/paolaclaros/Dev/capstone/Accountabili-buddy/src/reducers/PlayersListReducer.js">
          <metrics statements="4" coveredstatements="4" conditionals="3" coveredconditionals="3" methods="1" coveredmethods="1"/>
          <line num="3" count="1" type="cond" truecount="1" falsecount="0"/>
          <line num="4" count="2" type="cond" truecount="2" falsecount="0"/>
          <line num="6" count="1" type="stmt"/>
          <line num="8" count="1" type="stmt"/>
        </file>
        <file name="PlayersScoresReducer.js" path="/Users/paolaclaros/Dev/capstone/Accountabili-buddy/src/reducers/PlayersScoresReducer.js">
          <metrics statements="4" coveredstatements="4" conditionals="3" coveredconditionals="3" methods="1" coveredmethods="1"/>
          <line num="3" count="1" type="cond" truecount="1" falsecount="0"/>
          <line num="4" count="2" type="cond" truecount="2" falsecount="0"/>
          <line num="6" count="1" type="stmt"/>
          <line num="8" count="1" type="stmt"/>
        </file>
        <file name="RegisterReducer.js" path="/Users/paolaclaros/Dev/capstone/Accountabili-buddy/src/reducers/RegisterReducer.js">
          <metrics statements="13" coveredstatements="13" conditionals="12" coveredconditionals="12" methods="1" coveredmethods="1"/>
          <line num="3" count="1" type="cond" truecount="1" falsecount="0"/>
          <line num="4" count="11" type="cond" truecount="11" falsecount="0"/>
          <line num="6" count="1" type="stmt"/>
          <line num="8" count="1" type="stmt"/>
          <line num="10" count="1" type="stmt"/>
          <line num="12" count="1" type="stmt"/>
          <line num="14" count="1" type="stmt"/>
          <line num="16" count="1" type="stmt"/>
          <line num="18" count="1" type="stmt"/>
          <line num="20" count="1" type="stmt"/>
          <line num="22" count="1" type="stmt"/>
          <line num="24" count="1" type="stmt"/>
          <line num="26" count="1" type="stmt"/>
        </file>
        <file name="TeamsListReducer.js" path="/Users/paolaclaros/Dev/capstone/Accountabili-buddy/src/reducers/TeamsListReducer.js">
          <metrics statements="4" coveredstatements="4" conditionals="3" coveredconditionals="3" methods="1" coveredmethods="1"/>
          <line num="3" count="1" type="cond" truecount="1" falsecount="0"/>
          <line num="4" count="2" type="cond" truecount="2" falsecount="0"/>
          <line num="6" count="1" type="stmt"/>
          <line num="8" count="1" type="stmt"/>
        </file>
        <file name="UserProfileReducer.js" path="/Users/paolaclaros/Dev/capstone/Accountabili-buddy/src/reducers/UserProfileReducer.js">
          <metrics statements="5" coveredstatements="4" conditionals="4" coveredconditionals="3" methods="1" coveredmethods="1"/>
          <line num="3" count="1" type="cond" truecount="1" falsecount="0"/>
          <line num="4" count="2" type="cond" truecount="2" falsecount="1"/>
          <line num="6" count="1" type="stmt"/>
          <line num="8" count="0" type="stmt"/>
          <line num="10" count="1" type="stmt"/>
        </file>
        <file name="UserScoreReducer.js" path="/Users/paolaclaros/Dev/capstone/Accountabili-buddy/src/reducers/UserScoreReducer.js">
          <metrics statements="5" coveredstatements="4" conditionals="4" coveredconditionals="3" methods="1" coveredmethods="1"/>
          <line num="1" count="1" type="cond" truecount="1" falsecount="0"/>
          <line num="2" count="2" type="cond" truecount="2" falsecount="1"/>
          <line num="4" count="1" type="stmt"/>
          <line num="6" count="0" type="stmt"/>
          <line num="8" count="1" type="stmt"/>
        </file>
      </package>
      <package name="Accountabili-buddy.src.reducers.__test__.actions.fixtures">
        <metrics statements="10" coveredstatements="10" conditionals="0" coveredconditionals="0" methods="2" coveredmethods="2"/>
        <file name="allPlayers.js" path="/Users/paolaclaros/Dev/capstone/Accountabili-buddy/src/reducers/__test__/actions/fixtures/allPlayers.js">
          <metrics statements="1" coveredstatements="1" conditionals="0" coveredconditionals="0" methods="0" coveredmethods="0"/>
          <line num="1" count="1" type="stmt"/>
        </file>
        <file name="allScores.js" path="/Users/paolaclaros/Dev/capstone/Accountabili-buddy/src/reducers/__test__/actions/fixtures/allScores.js">
          <metrics statements="6" coveredstatements="6" conditionals="0" coveredconditionals="0" methods="2" coveredmethods="2"/>
          <line num="1" count="1" type="stmt"/>
          <line num="20" count="1" type="stmt"/>
          <line num="21" count="1" type="stmt"/>
          <line num="22" count="1" type="stmt"/>
          <line num="23" count="4" type="stmt"/>
          <line num="25" count="1" type="stmt"/>
        </file>
        <file name="allTeams.js" path="/Users/paolaclaros/Dev/capstone/Accountabili-buddy/src/reducers/__test__/actions/fixtures/allTeams.js">
          <metrics statements="1" coveredstatements="1" conditionals="0" coveredconditionals="0" methods="0" coveredmethods="0"/>
          <line num="1" count="1" type="stmt"/>
        </file>
        <file name="userProfile.js" path="/Users/paolaclaros/Dev/capstone/Accountabili-buddy/src/reducers/__test__/actions/fixtures/userProfile.js">
          <metrics statements="1" coveredstatements="1" conditionals="0" coveredconditionals="0" methods="0" coveredmethods="0"/>
          <line num="1" count="1" type="stmt"/>
        </file>
        <file name="userScore.js" path="/Users/paolaclaros/Dev/capstone/Accountabili-buddy/src/reducers/__test__/actions/fixtures/userScore.js">
          <metrics statements="1" coveredstatements="1" conditionals="0" coveredconditionals="0" methods="0" coveredmethods="0"/>
          <line num="1" count="1" type="stmt"/>
        </file>
      </package>
      <package name="Accountabili-buddy.src.reducers.initialState">
        <metrics statements="0" coveredstatements="0" conditionals="0" coveredconditionals="0" methods="0" coveredmethods="0"/>
        <file name="LoginState.js" path="/Users/paolaclaros/Dev/capstone/Accountabili-buddy/src/reducers/initialState/LoginState.js">
          <metrics statements="0" coveredstatements="0" conditionals="0" coveredconditionals="0" methods="0" coveredmethods="0"/>
        </file>
        <file name="PhotoEditState.js" path="/Users/paolaclaros/Dev/capstone/Accountabili-buddy/src/reducers/initialState/PhotoEditState.js">
          <metrics statements="0" coveredstatements="0" conditionals="0" coveredconditionals="0" methods="0" coveredmethods="0"/>
        </file>
        <file name="PlayersListState.js" path="/Users/paolaclaros/Dev/capstone/Accountabili-buddy/src/reducers/initialState/PlayersListState.js">
          <metrics statements="0" coveredstatements="0" conditionals="0" coveredconditionals="0" methods="0" coveredmethods="0"/>
        </file>
        <file name="PlayersScoresState.js" path="/Users/paolaclaros/Dev/capstone/Accountabili-buddy/src/reducers/initialState/PlayersScoresState.js">
          <metrics statements="0" coveredstatements="0" conditionals="0" coveredconditionals="0" methods="0" coveredmethods="0"/>
        </file>
        <file name="RegisterState.js" path="/Users/paolaclaros/Dev/capstone/Accountabili-buddy/src/reducers/initialState/RegisterState.js">
          <metrics statements="0" coveredstatements="0" conditionals="0" coveredconditionals="0" methods="0" coveredmethods="0"/>
        </file>
        <file name="TeamsListState.js" path="/Users/paolaclaros/Dev/capstone/Accountabili-buddy/src/reducers/initialState/TeamsListState.js">
          <metrics statements="0" coveredstatements="0" conditionals="0" coveredconditionals="0" methods="0" coveredmethods="0"/>
        </file>
        <file name="UserProfileState.js" path="/Users/paolaclaros/Dev/capstone/Accountabili-buddy/src/reducers/initialState/UserProfileState.js">
          <metrics statements="0" coveredstatements="0" conditionals="0" coveredconditionals="0" methods="0" coveredmethods="0"/>
        </file>
      </package>
    </metrics>
  </project>
</coverage>
