<?xml version="1.0" encoding="UTF-8"?>
<coverage generated="1497484726042" clover="3.2.0">
  <project timestamp="1497484726043" name="All files">
    <metrics statements="11" coveredstatements="9" conditionals="10" coveredconditionals="8" methods="1" coveredmethods="1" elements="22" coveredelements="18" complexity="0" loc="11" ncloc="11" packages="2" files="2" classes="2">
      <package name="reducers">
        <metrics statements="11" coveredstatements="9" conditionals="10" coveredconditionals="8" methods="1" coveredmethods="1"/>
        <file name="LoginReducer.js" path="/Users/marylai/galvanize/capstone/Accountabili-buddy/src/reducers/LoginReducer.js">
          <metrics statements="11" coveredstatements="9" conditionals="10" coveredconditionals="8" methods="1" coveredmethods="1"/>
          <line num="3" count="1" type="cond" truecount="1" falsecount="0"/>
          <line num="4" count="7" type="cond" truecount="7" falsecount="2"/>
          <line num="6" count="1" type="stmt"/>
          <line num="8" count="1" type="stmt"/>
          <line num="10" count="1" type="stmt"/>
          <line num="12" count="1" type="stmt"/>
          <line num="14" count="1" type="stmt"/>
          <line num="16" count="0" type="stmt"/>
          <line num="18" count="0" type="stmt"/>
          <line num="20" count="1" type="stmt"/>
          <line num="22" count="1" type="stmt"/>
        </file>
      </package>
      <package name="reducers.initialState">
        <metrics statements="0" coveredstatements="0" conditionals="0" coveredconditionals="0" methods="0" coveredmethods="0"/>
        <file name="LoginState.js" path="/Users/marylai/galvanize/capstone/Accountabili-buddy/src/reducers/initialState/LoginState.js">
          <metrics statements="0" coveredstatements="0" conditionals="0" coveredconditionals="0" methods="0" coveredmethods="0"/>
        </file>
      </package>
    </metrics>
  </project>
</coverage>
