{"/Users/marylai/galvanize/capstone/Accountabili-buddy/src/reducers/LoginReducer.js": {"path":"/Users/marylai/galvanize/capstone/Accountabili-buddy/src/reducers/LoginReducer.js","statementMap":{"0":{"start":{"line":3,"column":21},"end":{"line":25,"column":1}},"1":{"start":{"line":4,"column":2},"end":{"line":24,"column":3}},"2":{"start":{"line":6,"column":6},"end":{"line":6,"column":48}},"3":{"start":{"line":8,"column":6},"end":{"line":8,"column":52}},"4":{"start":{"line":10,"column":6},"end":{"line":10,"column":64}},"5":{"start":{"line":12,"column":6},"end":{"line":12,"column":93}},"6":{"start":{"line":14,"column":6},"end":{"line":14,"column":99}},"7":{"start":{"line":16,"column":6},"end":{"line":16,"column":51}},"8":{"start":{"line":18,"column":6},"end":{"line":18,"column":42}},"9":{"start":{"line":19,"column":6},"end":{"line":19,"column":67}},"10":{"start":{"line":21,"column":6},"end":{"line":21,"column":98}},"11":{"start":{"line":23,"column":6},"end":{"line":23,"column":19}}},"fnMap":{"0":{"name":"(anonymous_0)","decl":{"start":{"line":3,"column":21},"end":{"line":3,"column":22}},"loc":{"start":{"line":3,"column":55},"end":{"line":25,"column":1}},"line":3}},"branchMap":{"0":{"loc":{"start":{"line":3,"column":22},"end":{"line":3,"column":42}},"type":"default-arg","locations":[{"start":{"line":3,"column":30},"end":{"line":3,"column":42}}],"line":3},"1":{"loc":{"start":{"line":4,"column":2},"end":{"line":24,"column":3}},"type":"switch","locations":[{"start":{"line":5,"column":4},"end":{"line":6,"column":48}},{"start":{"line":7,"column":4},"end":{"line":8,"column":52}},{"start":{"line":9,"column":4},"end":{"line":10,"column":64}},{"start":{"line":11,"column":4},"end":{"line":12,"column":93}},{"start":{"line":13,"column":4},"end":{"line":14,"column":99}},{"start":{"line":15,"column":4},"end":{"line":16,"column":51}},{"start":{"line":17,"column":4},"end":{"line":19,"column":67}},{"start":{"line":20,"column":4},"end":{"line":21,"column":98}},{"start":{"line":22,"column":4},"end":{"line":23,"column":19}}],"line":4}},"s":{"0":1,"1":7,"2":1,"3":1,"4":1,"5":1,"6":1,"7":0,"8":0,"9":0,"10":0,"11":2},"f":{"0":7},"b":{"0":[1],"1":[1,1,1,1,1,0,0,0,2]},"_coverageSchema":"332fd63041d2c1bcb487cc26dd0d5f7d97098a6c","hash":"fa43d9e01e6d357574ef11ed3c2fe3150c255788"}
,"/Users/marylai/galvanize/capstone/Accountabili-buddy/src/reducers/PlayersListReducer.js": {"path":"/Users/marylai/galvanize/capstone/Accountabili-buddy/src/reducers/PlayersListReducer.js","statementMap":{"0":{"start":{"line":3,"column":27},"end":{"line":10,"column":1}},"1":{"start":{"line":4,"column":2},"end":{"line":9,"column":3}},"2":{"start":{"line":6,"column":6},"end":{"line":6,"column":28}},"3":{"start":{"line":8,"column":6},"end":{"line":8,"column":19}}},"fnMap":{"0":{"name":"(anonymous_0)","decl":{"start":{"line":3,"column":27},"end":{"line":3,"column":28}},"loc":{"start":{"line":3,"column":69},"end":{"line":10,"column":1}},"line":3}},"branchMap":{"0":{"loc":{"start":{"line":3,"column":28},"end":{"line":3,"column":56}},"type":"default-arg","locations":[{"start":{"line":3,"column":36},"end":{"line":3,"column":56}}],"line":3},"1":{"loc":{"start":{"line":4,"column":2},"end":{"line":9,"column":3}},"type":"switch","locations":[{"start":{"line":5,"column":4},"end":{"line":6,"column":28}},{"start":{"line":7,"column":4},"end":{"line":8,"column":19}}],"line":4}},"s":{"0":1,"1":2,"2":1,"3":1},"f":{"0":2},"b":{"0":[1],"1":[1,1]},"_coverageSchema":"332fd63041d2c1bcb487cc26dd0d5f7d97098a6c","hash":"fb65933a4ae656924c9bc17b41b3ae2fe3a6bfaf"}
,"/Users/marylai/galvanize/capstone/Accountabili-buddy/src/reducers/UserProfileReducer.js": {"path":"/Users/marylai/galvanize/capstone/Accountabili-buddy/src/reducers/UserProfileReducer.js","statementMap":{"0":{"start":{"line":3,"column":27},"end":{"line":11,"column":1}},"1":{"start":{"line":4,"column":2},"end":{"line":10,"column":3}},"2":{"start":{"line":6,"column":6},"end":{"line":6,"column":34}},"3":{"start":{"line":7,"column":6},"end":{"line":7,"column":28}},"4":{"start":{"line":9,"column":6},"end":{"line":9,"column":19}}},"fnMap":{"0":{"name":"(anonymous_0)","decl":{"start":{"line":3,"column":27},"end":{"line":3,"column":28}},"loc":{"start":{"line":3,"column":73},"end":{"line":11,"column":1}},"line":3}},"branchMap":{"0":{"loc":{"start":{"line":3,"column":28},"end":{"line":3,"column":60}},"type":"default-arg","locations":[{"start":{"line":3,"column":36},"end":{"line":3,"column":60}}],"line":3},"1":{"loc":{"start":{"line":4,"column":2},"end":{"line":10,"column":3}},"type":"switch","locations":[{"start":{"line":5,"column":4},"end":{"line":7,"column":28}},{"start":{"line":8,"column":4},"end":{"line":9,"column":19}}],"line":4}},"s":{"0":1,"1":2,"2":1,"3":1,"4":1},"f":{"0":2},"b":{"0":[1],"1":[1,1]},"_coverageSchema":"332fd63041d2c1bcb487cc26dd0d5f7d97098a6c","hash":"a6a14eeb10ce70db00cb4189d132c6590ffe7dad"}
,"/Users/marylai/galvanize/capstone/Accountabili-buddy/src/reducers/UserScoreReducer.js": {"path":"/Users/marylai/galvanize/capstone/Accountabili-buddy/src/reducers/UserScoreReducer.js","statementMap":{"0":{"start":{"line":1,"column":25},"end":{"line":9,"column":1}},"1":{"start":{"line":2,"column":2},"end":{"line":8,"column":3}},"2":{"start":{"line":4,"column":6},"end":{"line":4,"column":62}},"3":{"start":{"line":5,"column":6},"end":{"line":5,"column":28}},"4":{"start":{"line":7,"column":6},"end":{"line":7,"column":19}}},"fnMap":{"0":{"name":"(anonymous_0)","decl":{"start":{"line":1,"column":25},"end":{"line":1,"column":26}},"loc":{"start":{"line":1,"column":51},"end":{"line":9,"column":1}},"line":1}},"branchMap":{"0":{"loc":{"start":{"line":1,"column":26},"end":{"line":1,"column":38}},"type":"default-arg","locations":[{"start":{"line":1,"column":34},"end":{"line":1,"column":38}}],"line":1},"1":{"loc":{"start":{"line":2,"column":2},"end":{"line":8,"column":3}},"type":"switch","locations":[{"start":{"line":3,"column":4},"end":{"line":5,"column":28}},{"start":{"line":6,"column":4},"end":{"line":7,"column":19}}],"line":2}},"s":{"0":1,"1":2,"2":0,"3":0,"4":2},"f":{"0":2},"b":{"0":[1],"1":[0,2]},"_coverageSchema":"332fd63041d2c1bcb487cc26dd0d5f7d97098a6c","hash":"49a19d0fe4417596d5cf7a5b5602c2c0dfff8abb"}
,"/Users/marylai/galvanize/capstone/Accountabili-buddy/src/reducers/initialState/LoginState.js": {"path":"/Users/marylai/galvanize/capstone/Accountabili-buddy/src/reducers/initialState/LoginState.js","statementMap":{},"fnMap":{},"branchMap":{},"s":{},"f":{},"b":{},"_coverageSchema":"332fd63041d2c1bcb487cc26dd0d5f7d97098a6c","hash":"a4be712751ddb0f1e9ed15469d1bbbd272539ab4"}
,"/Users/marylai/galvanize/capstone/Accountabili-buddy/src/reducers/initialState/PlayersListState.js": {"path":"/Users/marylai/galvanize/capstone/Accountabili-buddy/src/reducers/initialState/PlayersListState.js","statementMap":{},"fnMap":{},"branchMap":{},"s":{},"f":{},"b":{},"_coverageSchema":"332fd63041d2c1bcb487cc26dd0d5f7d97098a6c","hash":"3f66529ce4d8aad6d76fea5e9104a7982063070b"}
,"/Users/marylai/galvanize/capstone/Accountabili-buddy/src/reducers/initialState/UserProfileState.js": {"path":"/Users/marylai/galvanize/capstone/Accountabili-buddy/src/reducers/initialState/UserProfileState.js","statementMap":{},"fnMap":{},"branchMap":{},"s":{},"f":{},"b":{},"_coverageSchema":"332fd63041d2c1bcb487cc26dd0d5f7d97098a6c","hash":"e4f026211d8cff0bcb8aef5eeeb989e124c2ffbe"}
}
