{"/Users/paolaclaros/Dev/capstone/Accountabili-buddy/setupJest.js": {"path":"/Users/paolaclaros/Dev/capstone/Accountabili-buddy/setupJest.js","statementMap":{"0":{"start":{"line":3,"column":0},"end":{"line":3,"column":25}}},"fnMap":{},"branchMap":{},"s":{"0":22},"f":{},"b":{},"_coverageSchema":"332fd63041d2c1bcb487cc26dd0d5f7d97098a6c","hash":"3ad44318a4f5002e719fd40071891af9a3e512f3"}
,"/Users/paolaclaros/Dev/capstone/Accountabili-buddy/src/actions/index.js": {"path":"/Users/paolaclaros/Dev/capstone/Accountabili-buddy/src/actions/index.js","statementMap":{"0":{"start":{"line":5,"column":21},"end":{"line":27,"column":1}},"1":{"start":{"line":6,"column":14},"end":{"line":6,"column":57}},"2":{"start":{"line":7,"column":2},"end":{"line":26,"column":4}},"3":{"start":{"line":19,"column":4},"end":{"line":19,"column":22}},"4":{"start":{"line":22,"column":4},"end":{"line":22,"column":68}},"5":{"start":{"line":23,"column":4},"end":{"line":23,"column":23}},"6":{"start":{"line":25,"column":4},"end":{"line":25,"column":37}},"7":{"start":{"line":29,"column":15},"end":{"line":31,"column":1}},"8":{"start":{"line":30,"column":2},"end":{"line":30,"column":40}},"9":{"start":{"line":33,"column":19},"end":{"line":57,"column":1}},"10":{"start":{"line":34,"column":14},"end":{"line":34,"column":57}},"11":{"start":{"line":35,"column":2},"end":{"line":56,"column":4}},"12":{"start":{"line":51,"column":4},"end":{"line":51,"column":22}},"13":{"start":{"line":53,"column":4},"end":{"line":53,"column":23}},"14":{"start":{"line":55,"column":4},"end":{"line":55,"column":45}},"15":{"start":{"line":59,"column":28},"end":{"line":68,"column":1}},"16":{"start":{"line":60,"column":14},"end":{"line":60,"column":57}},"17":{"start":{"line":61,"column":2},"end":{"line":67,"column":6}},"18":{"start":{"line":62,"column":17},"end":{"line":62,"column":27}},"19":{"start":{"line":64,"column":6},"end":{"line":64,"column":26}},"20":{"start":{"line":66,"column":6},"end":{"line":66,"column":39}},"21":{"start":{"line":70,"column":23},"end":{"line":80,"column":1}},"22":{"start":{"line":71,"column":14},"end":{"line":71,"column":59}},"23":{"start":{"line":72,"column":2},"end":{"line":79,"column":6}},"24":{"start":{"line":73,"column":17},"end":{"line":73,"column":27}},"25":{"start":{"line":75,"column":6},"end":{"line":75,"column":32}},"26":{"start":{"line":78,"column":6},"end":{"line":78,"column":45}},"27":{"start":{"line":82,"column":29},"end":{"line":98,"column":1}},"28":{"start":{"line":83,"column":18},"end":{"line":83,"column":97}},"29":{"start":{"line":84,"column":16},"end":{"line":84,"column":95}},"30":{"start":{"line":85,"column":14},"end":{"line":85,"column":99}},"31":{"start":{"line":86,"column":2},"end":{"line":97,"column":6}},"32":{"start":{"line":87,"column":17},"end":{"line":87,"column":27}},"33":{"start":{"line":89,"column":22},"end":{"line":89,"column":24}},"34":{"start":{"line":90,"column":6},"end":{"line":92,"column":8}},"35":{"start":{"line":91,"column":8},"end":{"line":91,"column":45}},"36":{"start":{"line":93,"column":6},"end":{"line":93,"column":23}},"37":{"start":{"line":96,"column":6},"end":{"line":96,"column":55}},"38":{"start":{"line":100,"column":20},"end":{"line":111,"column":1}},"39":{"start":{"line":101,"column":14},"end":{"line":101,"column":67}},"40":{"start":{"line":102,"column":2},"end":{"line":110,"column":4}},"41":{"start":{"line":104,"column":4},"end":{"line":104,"column":22}},"42":{"start":{"line":107,"column":4},"end":{"line":107,"column":24}},"43":{"start":{"line":109,"column":4},"end":{"line":109,"column":44}},"44":{"start":{"line":113,"column":21},"end":{"line":124,"column":1}},"45":{"start":{"line":114,"column":14},"end":{"line":114,"column":73}},"46":{"start":{"line":115,"column":2},"end":{"line":123,"column":5}},"47":{"start":{"line":117,"column":4},"end":{"line":117,"column":22}},"48":{"start":{"line":120,"column":4},"end":{"line":120,"column":28}},"49":{"start":{"line":122,"column":4},"end":{"line":122,"column":42}},"50":{"start":{"line":126,"column":20},"end":{"line":149,"column":1}},"51":{"start":{"line":127,"column":14},"end":{"line":127,"column":58}},"52":{"start":{"line":128,"column":2},"end":{"line":148,"column":4}},"53":{"start":{"line":143,"column":4},"end":{"line":143,"column":22}},"54":{"start":{"line":145,"column":4},"end":{"line":145,"column":23}},"55":{"start":{"line":147,"column":4},"end":{"line":147,"column":44}},"56":{"start":{"line":153,"column":28},"end":{"line":158,"column":1}},"57":{"start":{"line":154,"column":2},"end":{"line":157,"column":4}},"58":{"start":{"line":160,"column":28},"end":{"line":165,"column":1}},"59":{"start":{"line":161,"column":2},"end":{"line":164,"column":4}},"60":{"start":{"line":167,"column":31},"end":{"line":172,"column":1}},"61":{"start":{"line":168,"column":2},"end":{"line":171,"column":4}},"62":{"start":{"line":174,"column":25},"end":{"line":191,"column":1}},"63":{"start":{"line":175,"column":2},"end":{"line":190,"column":3}},"64":{"start":{"line":176,"column":4},"end":{"line":189,"column":7}},"65":{"start":{"line":178,"column":6},"end":{"line":181,"column":7}},"66":{"start":{"line":179,"column":8},"end":{"line":179,"column":47}},"67":{"start":{"line":180,"column":8},"end":{"line":180,"column":20}},"68":{"start":{"line":182,"column":6},"end":{"line":182,"column":24}},"69":{"start":{"line":183,"column":6},"end":{"line":183,"column":77}},"70":{"start":{"line":184,"column":6},"end":{"line":184,"column":76}},"71":{"start":{"line":185,"column":6},"end":{"line":185,"column":78}},"72":{"start":{"line":186,"column":6},"end":{"line":186,"column":83}},"73":{"start":{"line":187,"column":6},"end":{"line":187,"column":18}},"74":{"start":{"line":193,"column":26},"end":{"line":200,"column":1}},"75":{"start":{"line":194,"column":2},"end":{"line":199,"column":3}},"76":{"start":{"line":195,"column":4},"end":{"line":195,"column":57}},"77":{"start":{"line":196,"column":4},"end":{"line":196,"column":45}},"78":{"start":{"line":197,"column":4},"end":{"line":197,"column":43}},"79":{"start":{"line":198,"column":4},"end":{"line":198,"column":28}},"80":{"start":{"line":203,"column":36},"end":{"line":208,"column":1}},"81":{"start":{"line":204,"column":2},"end":{"line":207,"column":4}},"82":{"start":{"line":210,"column":29},"end":{"line":215,"column":1}},"83":{"start":{"line":211,"column":2},"end":{"line":214,"column":4}},"84":{"start":{"line":217,"column":39},"end":{"line":222,"column":1}},"85":{"start":{"line":218,"column":2},"end":{"line":221,"column":4}},"86":{"start":{"line":224,"column":28},"end":{"line":228,"column":1}},"87":{"start":{"line":225,"column":2},"end":{"line":227,"column":3}},"88":{"start":{"line":226,"column":4},"end":{"line":226,"column":122}},"89":{"start":{"line":230,"column":32},"end":{"line":235,"column":1}},"90":{"start":{"line":231,"column":2},"end":{"line":234,"column":4}},"91":{"start":{"line":237,"column":31},"end":{"line":242,"column":1}},"92":{"start":{"line":238,"column":2},"end":{"line":241,"column":4}},"93":{"start":{"line":244,"column":31},"end":{"line":249,"column":1}},"94":{"start":{"line":245,"column":2},"end":{"line":248,"column":4}},"95":{"start":{"line":251,"column":38},"end":{"line":256,"column":1}},"96":{"start":{"line":252,"column":2},"end":{"line":255,"column":4}},"97":{"start":{"line":258,"column":31},"end":{"line":263,"column":1}},"98":{"start":{"line":259,"column":2},"end":{"line":262,"column":4}},"99":{"start":{"line":265,"column":27},"end":{"line":270,"column":1}},"100":{"start":{"line":266,"column":2},"end":{"line":269,"column":4}},"101":{"start":{"line":272,"column":30},"end":{"line":277,"column":1}},"102":{"start":{"line":273,"column":2},"end":{"line":276,"column":4}},"103":{"start":{"line":279,"column":33},"end":{"line":284,"column":1}},"104":{"start":{"line":280,"column":2},"end":{"line":283,"column":4}},"105":{"start":{"line":286,"column":28},"end":{"line":291,"column":1}},"106":{"start":{"line":287,"column":2},"end":{"line":290,"column":4}},"107":{"start":{"line":293,"column":29},"end":{"line":298,"column":1}},"108":{"start":{"line":294,"column":2},"end":{"line":297,"column":4}},"109":{"start":{"line":300,"column":30},"end":{"line":305,"column":1}},"110":{"start":{"line":301,"column":2},"end":{"line":304,"column":4}},"111":{"start":{"line":307,"column":29},"end":{"line":312,"column":1}},"112":{"start":{"line":308,"column":2},"end":{"line":311,"column":4}},"113":{"start":{"line":314,"column":27},"end":{"line":323,"column":1}},"114":{"start":{"line":315,"column":2},"end":{"line":322,"column":3}},"115":{"start":{"line":316,"column":4},"end":{"line":321,"column":10}},"116":{"start":{"line":317,"column":6},"end":{"line":317,"column":76}},"117":{"start":{"line":318,"column":6},"end":{"line":318,"column":75}},"118":{"start":{"line":319,"column":6},"end":{"line":319,"column":78}},"119":{"start":{"line":320,"column":6},"end":{"line":320,"column":83}}},"fnMap":{"0":{"name":"(anonymous_0)","decl":{"start":{"line":5,"column":21},"end":{"line":5,"column":22}},"loc":{"start":{"line":5,"column":42},"end":{"line":27,"column":1}},"line":5},"1":{"name":"(anonymous_1)","decl":{"start":{"line":18,"column":10},"end":{"line":18,"column":11}},"loc":{"start":{"line":18,"column":19},"end":{"line":20,"column":3}},"line":18},"2":{"name":"(anonymous_2)","decl":{"start":{"line":20,"column":10},"end":{"line":20,"column":11}},"loc":{"start":{"line":20,"column":34},"end":{"line":24,"column":3}},"line":20},"3":{"name":"(anonymous_3)","decl":{"start":{"line":24,"column":11},"end":{"line":24,"column":12}},"loc":{"start":{"line":24,"column":20},"end":{"line":26,"column":3}},"line":24},"4":{"name":"(anonymous_4)","decl":{"start":{"line":29,"column":15},"end":{"line":29,"column":16}},"loc":{"start":{"line":29,"column":21},"end":{"line":31,"column":1}},"line":29},"5":{"name":"(anonymous_5)","decl":{"start":{"line":33,"column":19},"end":{"line":33,"column":20}},"loc":{"start":{"line":33,"column":87},"end":{"line":57,"column":1}},"line":33},"6":{"name":"(anonymous_6)","decl":{"start":{"line":50,"column":10},"end":{"line":50,"column":11}},"loc":{"start":{"line":50,"column":19},"end":{"line":52,"column":3}},"line":50},"7":{"name":"(anonymous_7)","decl":{"start":{"line":52,"column":10},"end":{"line":52,"column":11}},"loc":{"start":{"line":52,"column":26},"end":{"line":54,"column":3}},"line":52},"8":{"name":"(anonymous_8)","decl":{"start":{"line":54,"column":11},"end":{"line":54,"column":12}},"loc":{"start":{"line":54,"column":20},"end":{"line":56,"column":3}},"line":54},"9":{"name":"(anonymous_9)","decl":{"start":{"line":59,"column":28},"end":{"line":59,"column":29}},"loc":{"start":{"line":59,"column":34},"end":{"line":68,"column":1}},"line":59},"10":{"name":"(anonymous_10)","decl":{"start":{"line":62,"column":10},"end":{"line":62,"column":11}},"loc":{"start":{"line":62,"column":17},"end":{"line":62,"column":27}},"line":62},"11":{"name":"(anonymous_11)","decl":{"start":{"line":63,"column":10},"end":{"line":63,"column":11}},"loc":{"start":{"line":63,"column":28},"end":{"line":65,"column":5}},"line":63},"12":{"name":"(anonymous_12)","decl":{"start":{"line":65,"column":13},"end":{"line":65,"column":14}},"loc":{"start":{"line":65,"column":22},"end":{"line":67,"column":5}},"line":65},"13":{"name":"(anonymous_13)","decl":{"start":{"line":70,"column":23},"end":{"line":70,"column":24}},"loc":{"start":{"line":70,"column":29},"end":{"line":80,"column":1}},"line":70},"14":{"name":"(anonymous_14)","decl":{"start":{"line":73,"column":10},"end":{"line":73,"column":11}},"loc":{"start":{"line":73,"column":17},"end":{"line":73,"column":27}},"line":73},"15":{"name":"(anonymous_15)","decl":{"start":{"line":74,"column":10},"end":{"line":74,"column":11}},"loc":{"start":{"line":74,"column":26},"end":{"line":76,"column":5}},"line":74},"16":{"name":"(anonymous_16)","decl":{"start":{"line":77,"column":12},"end":{"line":77,"column":13}},"loc":{"start":{"line":77,"column":20},"end":{"line":79,"column":5}},"line":77},"17":{"name":"(anonymous_17)","decl":{"start":{"line":82,"column":29},"end":{"line":82,"column":30}},"loc":{"start":{"line":82,"column":35},"end":{"line":98,"column":1}},"line":82},"18":{"name":"(anonymous_18)","decl":{"start":{"line":87,"column":10},"end":{"line":87,"column":11}},"loc":{"start":{"line":87,"column":17},"end":{"line":87,"column":27}},"line":87},"19":{"name":"(anonymous_19)","decl":{"start":{"line":88,"column":10},"end":{"line":88,"column":11}},"loc":{"start":{"line":88,"column":26},"end":{"line":94,"column":5}},"line":88},"20":{"name":"(anonymous_20)","decl":{"start":{"line":90,"column":27},"end":{"line":90,"column":28}},"loc":{"start":{"line":90,"column":38},"end":{"line":92,"column":7}},"line":90},"21":{"name":"(anonymous_21)","decl":{"start":{"line":95,"column":11},"end":{"line":95,"column":12}},"loc":{"start":{"line":95,"column":20},"end":{"line":97,"column":5}},"line":95},"22":{"name":"(anonymous_22)","decl":{"start":{"line":100,"column":20},"end":{"line":100,"column":21}},"loc":{"start":{"line":100,"column":32},"end":{"line":111,"column":1}},"line":100},"23":{"name":"(anonymous_23)","decl":{"start":{"line":103,"column":8},"end":{"line":103,"column":9}},"loc":{"start":{"line":103,"column":17},"end":{"line":105,"column":3}},"line":103},"24":{"name":"(anonymous_24)","decl":{"start":{"line":106,"column":8},"end":{"line":106,"column":9}},"loc":{"start":{"line":106,"column":26},"end":{"line":108,"column":3}},"line":106},"25":{"name":"(anonymous_25)","decl":{"start":{"line":108,"column":11},"end":{"line":108,"column":12}},"loc":{"start":{"line":108,"column":20},"end":{"line":110,"column":3}},"line":108},"26":{"name":"(anonymous_26)","decl":{"start":{"line":113,"column":21},"end":{"line":113,"column":22}},"loc":{"start":{"line":113,"column":33},"end":{"line":124,"column":1}},"line":113},"27":{"name":"(anonymous_27)","decl":{"start":{"line":116,"column":8},"end":{"line":116,"column":9}},"loc":{"start":{"line":116,"column":17},"end":{"line":118,"column":3}},"line":116},"28":{"name":"(anonymous_28)","decl":{"start":{"line":119,"column":8},"end":{"line":119,"column":9}},"loc":{"start":{"line":119,"column":26},"end":{"line":121,"column":3}},"line":119},"29":{"name":"(anonymous_29)","decl":{"start":{"line":121,"column":11},"end":{"line":121,"column":12}},"loc":{"start":{"line":121,"column":20},"end":{"line":123,"column":3}},"line":121},"30":{"name":"(anonymous_30)","decl":{"start":{"line":126,"column":20},"end":{"line":126,"column":21}},"loc":{"start":{"line":126,"column":57},"end":{"line":149,"column":1}},"line":126},"31":{"name":"(anonymous_31)","decl":{"start":{"line":142,"column":10},"end":{"line":142,"column":11}},"loc":{"start":{"line":142,"column":19},"end":{"line":144,"column":3}},"line":142},"32":{"name":"(anonymous_32)","decl":{"start":{"line":144,"column":10},"end":{"line":144,"column":11}},"loc":{"start":{"line":144,"column":28},"end":{"line":146,"column":3}},"line":144},"33":{"name":"(anonymous_33)","decl":{"start":{"line":146,"column":11},"end":{"line":146,"column":12}},"loc":{"start":{"line":146,"column":20},"end":{"line":148,"column":3}},"line":146},"34":{"name":"(anonymous_34)","decl":{"start":{"line":153,"column":28},"end":{"line":153,"column":29}},"loc":{"start":{"line":153,"column":34},"end":{"line":158,"column":1}},"line":153},"35":{"name":"(anonymous_35)","decl":{"start":{"line":160,"column":28},"end":{"line":160,"column":29}},"loc":{"start":{"line":160,"column":38},"end":{"line":165,"column":1}},"line":160},"36":{"name":"(anonymous_36)","decl":{"start":{"line":167,"column":31},"end":{"line":167,"column":32}},"loc":{"start":{"line":167,"column":41},"end":{"line":172,"column":1}},"line":167},"37":{"name":"(anonymous_37)","decl":{"start":{"line":174,"column":25},"end":{"line":174,"column":26}},"loc":{"start":{"line":174,"column":60},"end":{"line":191,"column":1}},"line":174},"38":{"name":"(anonymous_38)","decl":{"start":{"line":175,"column":9},"end":{"line":175,"column":10}},"loc":{"start":{"line":175,"column":33},"end":{"line":190,"column":3}},"line":175},"39":{"name":"(anonymous_39)","decl":{"start":{"line":177,"column":10},"end":{"line":177,"column":11}},"loc":{"start":{"line":177,"column":20},"end":{"line":188,"column":5}},"line":177},"40":{"name":"(anonymous_40)","decl":{"start":{"line":193,"column":26},"end":{"line":193,"column":27}},"loc":{"start":{"line":193,"column":40},"end":{"line":200,"column":1}},"line":193},"41":{"name":"(anonymous_41)","decl":{"start":{"line":194,"column":9},"end":{"line":194,"column":10}},"loc":{"start":{"line":194,"column":33},"end":{"line":199,"column":3}},"line":194},"42":{"name":"(anonymous_42)","decl":{"start":{"line":203,"column":36},"end":{"line":203,"column":37}},"loc":{"start":{"line":203,"column":46},"end":{"line":208,"column":1}},"line":203},"43":{"name":"(anonymous_43)","decl":{"start":{"line":210,"column":29},"end":{"line":210,"column":30}},"loc":{"start":{"line":210,"column":42},"end":{"line":215,"column":1}},"line":210},"44":{"name":"(anonymous_44)","decl":{"start":{"line":217,"column":39},"end":{"line":217,"column":40}},"loc":{"start":{"line":217,"column":49},"end":{"line":222,"column":1}},"line":217},"45":{"name":"(anonymous_45)","decl":{"start":{"line":224,"column":28},"end":{"line":224,"column":29}},"loc":{"start":{"line":224,"column":100},"end":{"line":228,"column":1}},"line":224},"46":{"name":"(anonymous_46)","decl":{"start":{"line":225,"column":9},"end":{"line":225,"column":10}},"loc":{"start":{"line":225,"column":33},"end":{"line":227,"column":3}},"line":225},"47":{"name":"(anonymous_47)","decl":{"start":{"line":230,"column":32},"end":{"line":230,"column":33}},"loc":{"start":{"line":230,"column":42},"end":{"line":235,"column":1}},"line":230},"48":{"name":"(anonymous_48)","decl":{"start":{"line":237,"column":31},"end":{"line":237,"column":32}},"loc":{"start":{"line":237,"column":41},"end":{"line":242,"column":1}},"line":237},"49":{"name":"(anonymous_49)","decl":{"start":{"line":244,"column":31},"end":{"line":244,"column":32}},"loc":{"start":{"line":244,"column":41},"end":{"line":249,"column":1}},"line":244},"50":{"name":"(anonymous_50)","decl":{"start":{"line":251,"column":38},"end":{"line":251,"column":39}},"loc":{"start":{"line":251,"column":48},"end":{"line":256,"column":1}},"line":251},"51":{"name":"(anonymous_51)","decl":{"start":{"line":258,"column":31},"end":{"line":258,"column":32}},"loc":{"start":{"line":258,"column":43},"end":{"line":263,"column":1}},"line":258},"52":{"name":"(anonymous_52)","decl":{"start":{"line":265,"column":27},"end":{"line":265,"column":28}},"loc":{"start":{"line":265,"column":37},"end":{"line":270,"column":1}},"line":265},"53":{"name":"(anonymous_53)","decl":{"start":{"line":272,"column":30},"end":{"line":272,"column":31}},"loc":{"start":{"line":272,"column":40},"end":{"line":277,"column":1}},"line":272},"54":{"name":"(anonymous_54)","decl":{"start":{"line":279,"column":33},"end":{"line":279,"column":34}},"loc":{"start":{"line":279,"column":43},"end":{"line":284,"column":1}},"line":279},"55":{"name":"(anonymous_55)","decl":{"start":{"line":286,"column":28},"end":{"line":286,"column":29}},"loc":{"start":{"line":286,"column":42},"end":{"line":291,"column":1}},"line":286},"56":{"name":"(anonymous_56)","decl":{"start":{"line":293,"column":29},"end":{"line":293,"column":30}},"loc":{"start":{"line":293,"column":41},"end":{"line":298,"column":1}},"line":293},"57":{"name":"(anonymous_57)","decl":{"start":{"line":300,"column":30},"end":{"line":300,"column":31}},"loc":{"start":{"line":300,"column":36},"end":{"line":305,"column":1}},"line":300},"58":{"name":"(anonymous_58)","decl":{"start":{"line":307,"column":29},"end":{"line":307,"column":30}},"loc":{"start":{"line":307,"column":35},"end":{"line":312,"column":1}},"line":307},"59":{"name":"(anonymous_59)","decl":{"start":{"line":314,"column":27},"end":{"line":314,"column":28}},"loc":{"start":{"line":314,"column":68},"end":{"line":323,"column":1}},"line":314},"60":{"name":"(anonymous_60)","decl":{"start":{"line":315,"column":9},"end":{"line":315,"column":10}},"loc":{"start":{"line":315,"column":33},"end":{"line":322,"column":3}},"line":315},"61":{"name":"(anonymous_61)","decl":{"start":{"line":316,"column":96},"end":{"line":316,"column":97}},"loc":{"start":{"line":316,"column":102},"end":{"line":321,"column":5}},"line":316}},"branchMap":{"0":{"loc":{"start":{"line":178,"column":6},"end":{"line":181,"column":7}},"type":"if","locations":[{"start":{"line":178,"column":6},"end":{"line":181,"column":7}},{"start":{"line":178,"column":6},"end":{"line":181,"column":7}}],"line":178}},"s":{"0":12,"1":0,"2":0,"3":0,"4":0,"5":0,"6":0,"7":12,"8":0,"9":12,"10":0,"11":0,"12":0,"13":0,"14":0,"15":12,"16":1,"17":1,"18":1,"19":1,"20":0,"21":12,"22":1,"23":1,"24":1,"25":1,"26":0,"27":12,"28":1,"29":1,"30":1,"31":1,"32":1,"33":1,"34":1,"35":4,"36":1,"37":0,"38":12,"39":1,"40":1,"41":1,"42":1,"43":0,"44":12,"45":1,"46":1,"47":1,"48":1,"49":0,"50":12,"51":0,"52":0,"53":0,"54":0,"55":0,"56":12,"57":1,"58":12,"59":1,"60":12,"61":1,"62":12,"63":0,"64":0,"65":0,"66":0,"67":0,"68":0,"69":0,"70":0,"71":0,"72":0,"73":0,"74":12,"75":0,"76":0,"77":0,"78":0,"79":0,"80":12,"81":1,"82":12,"83":1,"84":12,"85":1,"86":12,"87":0,"88":0,"89":12,"90":1,"91":12,"92":0,"93":12,"94":0,"95":12,"96":0,"97":12,"98":1,"99":12,"100":0,"101":12,"102":0,"103":12,"104":0,"105":12,"106":0,"107":12,"108":1,"109":12,"110":1,"111":12,"112":1,"113":12,"114":0,"115":0,"116":0,"117":0,"118":0,"119":0},"f":{"0":0,"1":0,"2":0,"3":0,"4":0,"5":0,"6":0,"7":0,"8":0,"9":1,"10":1,"11":1,"12":0,"13":1,"14":1,"15":1,"16":0,"17":1,"18":1,"19":1,"20":4,"21":0,"22":1,"23":1,"24":1,"25":0,"26":1,"27":1,"28":1,"29":0,"30":0,"31":0,"32":0,"33":0,"34":1,"35":1,"36":1,"37":0,"38":0,"39":0,"40":0,"41":0,"42":1,"43":1,"44":1,"45":0,"46":0,"47":1,"48":0,"49":0,"50":0,"51":1,"52":0,"53":0,"54":0,"55":0,"56":1,"57":1,"58":1,"59":0,"60":0,"61":0},"b":{"0":[0,0]},"_coverageSchema":"332fd63041d2c1bcb487cc26dd0d5f7d97098a6c","hash":"ef5ee2376c6590f13708df9e3614eff825e5d31a"}
,"/Users/paolaclaros/Dev/capstone/Accountabili-buddy/src/components/common/Button.js": {"path":"/Users/paolaclaros/Dev/capstone/Accountabili-buddy/src/components/common/Button.js","statementMap":{"0":{"start":{"line":4,"column":15},"end":{"line":18,"column":1}},"1":{"start":{"line":5,"column":37},"end":{"line":5,"column":43}},"2":{"start":{"line":7,"column":2},"end":{"line":17,"column":4}},"3":{"start":{"line":20,"column":15},"end":{"line":39,"column":2}}},"fnMap":{"0":{"name":"(anonymous_0)","decl":{"start":{"line":4,"column":15},"end":{"line":4,"column":16}},"loc":{"start":{"line":4,"column":53},"end":{"line":18,"column":1}},"line":4}},"branchMap":{},"s":{"0":1,"1":3,"2":3,"3":1},"f":{"0":3},"b":{},"_coverageSchema":"332fd63041d2c1bcb487cc26dd0d5f7d97098a6c","hash":"55fb3b73b4677a6db419544eb1ebd832e08d58fc"}
,"/Users/paolaclaros/Dev/capstone/Accountabili-buddy/src/components/common/Card.js": {"path":"/Users/paolaclaros/Dev/capstone/Accountabili-buddy/src/components/common/Card.js","statementMap":{"0":{"start":{"line":4,"column":13},"end":{"line":10,"column":1}},"1":{"start":{"line":5,"column":2},"end":{"line":9,"column":4}},"2":{"start":{"line":12,"column":15},"end":{"line":27,"column":2}}},"fnMap":{"0":{"name":"(anonymous_0)","decl":{"start":{"line":4,"column":13},"end":{"line":4,"column":14}},"loc":{"start":{"line":4,"column":38},"end":{"line":10,"column":1}},"line":4}},"branchMap":{},"s":{"0":1,"1":1,"2":1},"f":{"0":1},"b":{},"_coverageSchema":"332fd63041d2c1bcb487cc26dd0d5f7d97098a6c","hash":"b7aafbeda77654dee86bad58e69c8bc0f3aa6521"}
,"/Users/paolaclaros/Dev/capstone/Accountabili-buddy/src/components/common/CardSection.js": {"path":"/Users/paolaclaros/Dev/capstone/Accountabili-buddy/src/components/common/CardSection.js","statementMap":{"0":{"start":{"line":4,"column":20},"end":{"line":10,"column":1}},"1":{"start":{"line":5,"column":2},"end":{"line":9,"column":4}},"2":{"start":{"line":12,"column":15},"end":{"line":12,"column":21}},"3":{"start":{"line":13,"column":14},"end":{"line":13,"column":20}},"4":{"start":{"line":15,"column":15},"end":{"line":25,"column":2}}},"fnMap":{"0":{"name":"(anonymous_0)","decl":{"start":{"line":4,"column":20},"end":{"line":4,"column":21}},"loc":{"start":{"line":4,"column":45},"end":{"line":10,"column":1}},"line":4}},"branchMap":{},"s":{"0":1,"1":10,"2":1,"3":1,"4":1},"f":{"0":10},"b":{},"_coverageSchema":"332fd63041d2c1bcb487cc26dd0d5f7d97098a6c","hash":"eba9a1113443becc685700ba6108446bdd089b84"}
,"/Users/paolaclaros/Dev/capstone/Accountabili-buddy/src/components/common/Header.js": {"path":"/Users/paolaclaros/Dev/capstone/Accountabili-buddy/src/components/common/Header.js","statementMap":{"0":{"start":{"line":4,"column":15},"end":{"line":12,"column":1}},"1":{"start":{"line":5,"column":35},"end":{"line":5,"column":41}},"2":{"start":{"line":7,"column":2},"end":{"line":11,"column":4}},"3":{"start":{"line":14,"column":15},"end":{"line":30,"column":1}}},"fnMap":{"0":{"name":"(anonymous_0)","decl":{"start":{"line":4,"column":15},"end":{"line":4,"column":16}},"loc":{"start":{"line":4,"column":26},"end":{"line":12,"column":1}},"line":4}},"branchMap":{},"s":{"0":1,"1":0,"2":0,"3":1},"f":{"0":0},"b":{},"_coverageSchema":"332fd63041d2c1bcb487cc26dd0d5f7d97098a6c","hash":"c5d6f2a70670733f2312d4b7b760088b6978c8d3"}
,"/Users/paolaclaros/Dev/capstone/Accountabili-buddy/src/components/common/Input.js": {"path":"/Users/paolaclaros/Dev/capstone/Accountabili-buddy/src/components/common/Input.js","statementMap":{"0":{"start":{"line":4,"column":14},"end":{"line":28,"column":1}},"1":{"start":{"line":5,"column":53},"end":{"line":5,"column":59}},"2":{"start":{"line":7,"column":2},"end":{"line":27,"column":4}},"3":{"start":{"line":30,"column":15},"end":{"line":50,"column":2}}},"fnMap":{"0":{"name":"(anonymous_0)","decl":{"start":{"line":4,"column":14},"end":{"line":4,"column":15}},"loc":{"start":{"line":4,"column":147},"end":{"line":28,"column":1}},"line":4}},"branchMap":{},"s":{"0":1,"1":6,"2":6,"3":1},"f":{"0":6},"b":{},"_coverageSchema":"332fd63041d2c1bcb487cc26dd0d5f7d97098a6c","hash":"1261008cd31cd47bf869abe7e5e573d611351e23"}
,"/Users/paolaclaros/Dev/capstone/Accountabili-buddy/src/components/common/Spinner.js": {"path":"/Users/paolaclaros/Dev/capstone/Accountabili-buddy/src/components/common/Spinner.js","statementMap":{"0":{"start":{"line":4,"column":16},"end":{"line":10,"column":1}},"1":{"start":{"line":5,"column":2},"end":{"line":9,"column":4}},"2":{"start":{"line":12,"column":15},"end":{"line":18,"column":2}}},"fnMap":{"0":{"name":"(anonymous_0)","decl":{"start":{"line":4,"column":16},"end":{"line":4,"column":17}},"loc":{"start":{"line":4,"column":30},"end":{"line":10,"column":1}},"line":4}},"branchMap":{"0":{"loc":{"start":{"line":7,"column":31},"end":{"line":7,"column":46}},"type":"binary-expr","locations":[{"start":{"line":7,"column":31},"end":{"line":7,"column":35}},{"start":{"line":7,"column":39},"end":{"line":7,"column":46}}],"line":7}},"s":{"0":1,"1":0,"2":1},"f":{"0":0},"b":{"0":[0,0]},"_coverageSchema":"332fd63041d2c1bcb487cc26dd0d5f7d97098a6c","hash":"4e795b5b5b33d495f35fbc02fc965194a9e4f510"}
,"/Users/paolaclaros/Dev/capstone/Accountabili-buddy/src/components/common/index.js": {"path":"/Users/paolaclaros/Dev/capstone/Accountabili-buddy/src/components/common/index.js","statementMap":{},"fnMap":{},"branchMap":{},"s":{},"f":{},"b":{},"_coverageSchema":"332fd63041d2c1bcb487cc26dd0d5f7d97098a6c","hash":"c3f78a9ad1f5df6fbb7ae04ac25d862907f91dc3"}
,"/Users/paolaclaros/Dev/capstone/Accountabili-buddy/src/containers/Register.js": {"path":"/Users/paolaclaros/Dev/capstone/Accountabili-buddy/src/containers/Register.js","statementMap":{"0":{"start":{"line":18,"column":24},"end":{"line":38,"column":1}},"1":{"start":{"line":27,"column":6},"end":{"line":27,"column":14}},"2":{"start":{"line":29,"column":2},"end":{"line":37,"column":4}},"3":{"start":{"line":40,"column":27},"end":{"line":52,"column":1}},"4":{"start":{"line":41,"column":2},"end":{"line":51,"column":15}},"5":{"start":{"line":56,"column":4},"end":{"line":56,"column":42}},"6":{"start":{"line":60,"column":4},"end":{"line":60,"column":45}},"7":{"start":{"line":64,"column":4},"end":{"line":64,"column":38}},"8":{"start":{"line":68,"column":4},"end":{"line":68,"column":37}},"9":{"start":{"line":72,"column":4},"end":{"line":72,"column":37}},"10":{"start":{"line":76,"column":4},"end":{"line":76,"column":44}},"11":{"start":{"line":80,"column":52},"end":{"line":80,"column":62}},"12":{"start":{"line":82,"column":4},"end":{"line":82,"column":68}},"13":{"start":{"line":86,"column":79},"end":{"line":86,"column":89}},"14":{"start":{"line":88,"column":4},"end":{"line":88,"column":96}},"15":{"start":{"line":92,"column":18},"end":{"line":92,"column":69}},"16":{"start":{"line":93,"column":23},"end":{"line":93,"column":76}},"17":{"start":{"line":95,"column":4},"end":{"line":95,"column":58}},"18":{"start":{"line":99,"column":4},"end":{"line":105,"column":5}},"19":{"start":{"line":100,"column":6},"end":{"line":104,"column":7}},"20":{"start":{"line":107,"column":25},"end":{"line":107,"column":46}},"21":{"start":{"line":109,"column":4},"end":{"line":120,"column":5}},"22":{"start":{"line":112,"column":10},"end":{"line":115,"column":11}},"23":{"start":{"line":113,"column":12},"end":{"line":113,"column":36}},"24":{"start":{"line":114,"column":12},"end":{"line":114,"column":58}},"25":{"start":{"line":124,"column":4},"end":{"line":201,"column":5}},"26":{"start":{"line":128,"column":37},"end":{"line":128,"column":76}},"27":{"start":{"line":188,"column":37},"end":{"line":188,"column":76}},"28":{"start":{"line":205,"column":0},"end":{"line":208,"column":1}},"29":{"start":{"line":210,"column":15},"end":{"line":231,"column":2}}},"fnMap":{"0":{"name":"(anonymous_0)","decl":{"start":{"line":18,"column":24},"end":{"line":18,"column":25}},"loc":{"start":{"line":18,"column":42},"end":{"line":38,"column":1}},"line":18},"1":{"name":"(anonymous_1)","decl":{"start":{"line":40,"column":27},"end":{"line":40,"column":28}},"loc":{"start":{"line":40,"column":41},"end":{"line":52,"column":1}},"line":40},"2":{"name":"(anonymous_2)","decl":{"start":{"line":55,"column":2},"end":{"line":55,"column":3}},"loc":{"start":{"line":55,"column":30},"end":{"line":57,"column":3}},"line":55},"3":{"name":"(anonymous_3)","decl":{"start":{"line":59,"column":2},"end":{"line":59,"column":3}},"loc":{"start":{"line":59,"column":33},"end":{"line":61,"column":3}},"line":59},"4":{"name":"(anonymous_4)","decl":{"start":{"line":63,"column":2},"end":{"line":63,"column":3}},"loc":{"start":{"line":63,"column":26},"end":{"line":65,"column":3}},"line":63},"5":{"name":"(anonymous_5)","decl":{"start":{"line":67,"column":2},"end":{"line":67,"column":3}},"loc":{"start":{"line":67,"column":25},"end":{"line":69,"column":3}},"line":67},"6":{"name":"(anonymous_6)","decl":{"start":{"line":71,"column":2},"end":{"line":71,"column":3}},"loc":{"start":{"line":71,"column":25},"end":{"line":73,"column":3}},"line":71},"7":{"name":"(anonymous_7)","decl":{"start":{"line":75,"column":2},"end":{"line":75,"column":3}},"loc":{"start":{"line":75,"column":34},"end":{"line":77,"column":3}},"line":75},"8":{"name":"(anonymous_8)","decl":{"start":{"line":79,"column":2},"end":{"line":79,"column":3}},"loc":{"start":{"line":79,"column":37},"end":{"line":83,"column":3}},"line":79},"9":{"name":"(anonymous_9)","decl":{"start":{"line":85,"column":2},"end":{"line":85,"column":3}},"loc":{"start":{"line":85,"column":22},"end":{"line":89,"column":3}},"line":85},"10":{"name":"(anonymous_10)","decl":{"start":{"line":91,"column":2},"end":{"line":91,"column":3}},"loc":{"start":{"line":91,"column":30},"end":{"line":96,"column":3}},"line":91},"11":{"name":"(anonymous_11)","decl":{"start":{"line":98,"column":2},"end":{"line":98,"column":3}},"loc":{"start":{"line":98,"column":18},"end":{"line":121,"column":3}},"line":98},"12":{"name":"(anonymous_12)","decl":{"start":{"line":111,"column":29},"end":{"line":111,"column":30}},"loc":{"start":{"line":111,"column":35},"end":{"line":116,"column":9}},"line":111},"13":{"name":"(anonymous_13)","decl":{"start":{"line":123,"column":2},"end":{"line":123,"column":3}},"loc":{"start":{"line":123,"column":11},"end":{"line":202,"column":3}},"line":123},"14":{"name":"(anonymous_14)","decl":{"start":{"line":128,"column":31},"end":{"line":128,"column":32}},"loc":{"start":{"line":128,"column":37},"end":{"line":128,"column":76}},"line":128},"15":{"name":"(anonymous_15)","decl":{"start":{"line":188,"column":31},"end":{"line":188,"column":32}},"loc":{"start":{"line":188,"column":37},"end":{"line":188,"column":76}},"line":188}},"branchMap":{"0":{"loc":{"start":{"line":95,"column":11},"end":{"line":95,"column":58}},"type":"cond-expr","locations":[{"start":{"line":95,"column":40},"end":{"line":95,"column":45}},{"start":{"line":95,"column":48},"end":{"line":95,"column":58}}],"line":95},"1":{"loc":{"start":{"line":99,"column":4},"end":{"line":105,"column":5}},"type":"if","locations":[{"start":{"line":99,"column":4},"end":{"line":105,"column":5}},{"start":{"line":99,"column":4},"end":{"line":105,"column":5}}],"line":99},"2":{"loc":{"start":{"line":112,"column":10},"end":{"line":115,"column":11}},"type":"if","locations":[{"start":{"line":112,"column":10},"end":{"line":115,"column":11}},{"start":{"line":112,"column":10},"end":{"line":115,"column":11}}],"line":112}},"s":{"0":1,"1":0,"2":0,"3":1,"4":0,"5":0,"6":0,"7":0,"8":0,"9":0,"10":0,"11":0,"12":0,"13":0,"14":0,"15":1,"16":1,"17":1,"18":1,"19":0,"20":1,"21":1,"22":0,"23":0,"24":0,"25":1,"26":0,"27":0,"28":1,"29":1},"f":{"0":0,"1":0,"2":0,"3":0,"4":0,"5":0,"6":0,"7":0,"8":0,"9":0,"10":1,"11":1,"12":0,"13":1,"14":0,"15":0},"b":{"0":[1,0],"1":[0,1],"2":[0,0]},"_coverageSchema":"332fd63041d2c1bcb487cc26dd0d5f7d97098a6c","hash":"4bfe130f596b44efb866d70132e84b580d144a91"}
,"/Users/paolaclaros/Dev/capstone/Accountabili-buddy/src/reducers/LoginReducer.js": {"path":"/Users/paolaclaros/Dev/capstone/Accountabili-buddy/src/reducers/LoginReducer.js","statementMap":{"0":{"start":{"line":3,"column":21},"end":{"line":26,"column":1}},"1":{"start":{"line":4,"column":2},"end":{"line":25,"column":3}},"2":{"start":{"line":6,"column":6},"end":{"line":6,"column":48}},"3":{"start":{"line":8,"column":6},"end":{"line":8,"column":52}},"4":{"start":{"line":10,"column":6},"end":{"line":10,"column":64}},"5":{"start":{"line":12,"column":6},"end":{"line":12,"column":82}},"6":{"start":{"line":14,"column":6},"end":{"line":14,"column":99}},"7":{"start":{"line":16,"column":6},"end":{"line":16,"column":32}},"8":{"start":{"line":18,"column":6},"end":{"line":18,"column":32}},"9":{"start":{"line":20,"column":6},"end":{"line":20,"column":79}},"10":{"start":{"line":22,"column":6},"end":{"line":22,"column":98}},"11":{"start":{"line":24,"column":6},"end":{"line":24,"column":19}}},"fnMap":{"0":{"name":"(anonymous_0)","decl":{"start":{"line":3,"column":21},"end":{"line":3,"column":22}},"loc":{"start":{"line":3,"column":55},"end":{"line":26,"column":1}},"line":3}},"branchMap":{"0":{"loc":{"start":{"line":3,"column":22},"end":{"line":3,"column":42}},"type":"default-arg","locations":[{"start":{"line":3,"column":30},"end":{"line":3,"column":42}}],"line":3},"1":{"loc":{"start":{"line":4,"column":2},"end":{"line":25,"column":3}},"type":"switch","locations":[{"start":{"line":5,"column":4},"end":{"line":6,"column":48}},{"start":{"line":7,"column":4},"end":{"line":8,"column":52}},{"start":{"line":9,"column":4},"end":{"line":10,"column":64}},{"start":{"line":11,"column":4},"end":{"line":12,"column":82}},{"start":{"line":13,"column":4},"end":{"line":14,"column":99}},{"start":{"line":15,"column":4},"end":{"line":16,"column":32}},{"start":{"line":17,"column":4},"end":{"line":18,"column":32}},{"start":{"line":19,"column":4},"end":{"line":20,"column":79}},{"start":{"line":21,"column":4},"end":{"line":22,"column":98}},{"start":{"line":23,"column":4},"end":{"line":24,"column":19}}],"line":4}},"s":{"0":1,"1":9,"2":1,"3":1,"4":1,"5":1,"6":1,"7":1,"8":1,"9":1,"10":0,"11":1},"f":{"0":9},"b":{"0":[1],"1":[1,1,1,1,1,1,1,1,0,1]},"_coverageSchema":"332fd63041d2c1bcb487cc26dd0d5f7d97098a6c","hash":"de2bc299a34a5bce3cde8126318713df4f616864"}
,"/Users/paolaclaros/Dev/capstone/Accountabili-buddy/src/reducers/PhotoEditReducer.js": {"path":"/Users/paolaclaros/Dev/capstone/Accountabili-buddy/src/reducers/PhotoEditReducer.js","statementMap":{"0":{"start":{"line":3,"column":25},"end":{"line":22,"column":1}},"1":{"start":{"line":4,"column":2},"end":{"line":21,"column":3}},"2":{"start":{"line":6,"column":6},"end":{"line":6,"column":48}},"3":{"start":{"line":8,"column":6},"end":{"line":8,"column":51}},"4":{"start":{"line":10,"column":6},"end":{"line":10,"column":51}},"5":{"start":{"line":12,"column":6},"end":{"line":12,"column":52}},"6":{"start":{"line":14,"column":6},"end":{"line":14,"column":76}},"7":{"start":{"line":16,"column":6},"end":{"line":16,"column":76}},"8":{"start":{"line":18,"column":6},"end":{"line":18,"column":109}},"9":{"start":{"line":20,"column":6},"end":{"line":20,"column":19}}},"fnMap":{"0":{"name":"(anonymous_0)","decl":{"start":{"line":3,"column":25},"end":{"line":3,"column":26}},"loc":{"start":{"line":3,"column":59},"end":{"line":22,"column":1}},"line":3}},"branchMap":{"0":{"loc":{"start":{"line":3,"column":26},"end":{"line":3,"column":46}},"type":"default-arg","locations":[{"start":{"line":3,"column":34},"end":{"line":3,"column":46}}],"line":3},"1":{"loc":{"start":{"line":4,"column":2},"end":{"line":21,"column":3}},"type":"switch","locations":[{"start":{"line":5,"column":4},"end":{"line":6,"column":48}},{"start":{"line":7,"column":4},"end":{"line":8,"column":51}},{"start":{"line":9,"column":4},"end":{"line":10,"column":51}},{"start":{"line":11,"column":4},"end":{"line":12,"column":52}},{"start":{"line":13,"column":4},"end":{"line":14,"column":76}},{"start":{"line":15,"column":4},"end":{"line":16,"column":76}},{"start":{"line":17,"column":4},"end":{"line":18,"column":109}},{"start":{"line":19,"column":4},"end":{"line":20,"column":19}}],"line":4}},"s":{"0":1,"1":7,"2":1,"3":1,"4":0,"5":1,"6":1,"7":1,"8":1,"9":1},"f":{"0":7},"b":{"0":[1],"1":[1,1,0,1,1,1,1,1]},"_coverageSchema":"332fd63041d2c1bcb487cc26dd0d5f7d97098a6c","hash":"5b82341a3a8eef21ba367d949c0f52379962c017"}
,"/Users/paolaclaros/Dev/capstone/Accountabili-buddy/src/reducers/PlayersListReducer.js": {"path":"/Users/paolaclaros/Dev/capstone/Accountabili-buddy/src/reducers/PlayersListReducer.js","statementMap":{"0":{"start":{"line":3,"column":27},"end":{"line":10,"column":1}},"1":{"start":{"line":4,"column":2},"end":{"line":9,"column":3}},"2":{"start":{"line":6,"column":6},"end":{"line":6,"column":28}},"3":{"start":{"line":8,"column":6},"end":{"line":8,"column":19}}},"fnMap":{"0":{"name":"(anonymous_0)","decl":{"start":{"line":3,"column":27},"end":{"line":3,"column":28}},"loc":{"start":{"line":3,"column":69},"end":{"line":10,"column":1}},"line":3}},"branchMap":{"0":{"loc":{"start":{"line":3,"column":28},"end":{"line":3,"column":56}},"type":"default-arg","locations":[{"start":{"line":3,"column":36},"end":{"line":3,"column":56}}],"line":3},"1":{"loc":{"start":{"line":4,"column":2},"end":{"line":9,"column":3}},"type":"switch","locations":[{"start":{"line":5,"column":4},"end":{"line":6,"column":28}},{"start":{"line":7,"column":4},"end":{"line":8,"column":19}}],"line":4}},"s":{"0":1,"1":2,"2":1,"3":1},"f":{"0":2},"b":{"0":[1],"1":[1,1]},"_coverageSchema":"332fd63041d2c1bcb487cc26dd0d5f7d97098a6c","hash":"90beecd6a5c88f0027b44f7b47f3d629fa9f38ec"}
,"/Users/paolaclaros/Dev/capstone/Accountabili-buddy/src/reducers/PlayersScoresReducer.js": {"path":"/Users/paolaclaros/Dev/capstone/Accountabili-buddy/src/reducers/PlayersScoresReducer.js","statementMap":{"0":{"start":{"line":3,"column":29},"end":{"line":10,"column":1}},"1":{"start":{"line":4,"column":2},"end":{"line":9,"column":3}},"2":{"start":{"line":6,"column":6},"end":{"line":6,"column":28}},"3":{"start":{"line":8,"column":6},"end":{"line":8,"column":19}}},"fnMap":{"0":{"name":"(anonymous_0)","decl":{"start":{"line":3,"column":29},"end":{"line":3,"column":30}},"loc":{"start":{"line":3,"column":76},"end":{"line":10,"column":1}},"line":3}},"branchMap":{"0":{"loc":{"start":{"line":3,"column":30},"end":{"line":3,"column":63}},"type":"default-arg","locations":[{"start":{"line":3,"column":38},"end":{"line":3,"column":63}}],"line":3},"1":{"loc":{"start":{"line":4,"column":2},"end":{"line":9,"column":3}},"type":"switch","locations":[{"start":{"line":5,"column":4},"end":{"line":6,"column":28}},{"start":{"line":7,"column":4},"end":{"line":8,"column":19}}],"line":4}},"s":{"0":1,"1":2,"2":1,"3":1},"f":{"0":2},"b":{"0":[1],"1":[1,1]},"_coverageSchema":"332fd63041d2c1bcb487cc26dd0d5f7d97098a6c","hash":"e11b0d7d8c3933517cfc0d22c9f3c1edcef85801"}
,"/Users/paolaclaros/Dev/capstone/Accountabili-buddy/src/reducers/RegisterReducer.js": {"path":"/Users/paolaclaros/Dev/capstone/Accountabili-buddy/src/reducers/RegisterReducer.js","statementMap":{"0":{"start":{"line":3,"column":24},"end":{"line":28,"column":1}},"1":{"start":{"line":4,"column":2},"end":{"line":27,"column":3}},"2":{"start":{"line":6,"column":6},"end":{"line":6,"column":53}},"3":{"start":{"line":8,"column":6},"end":{"line":8,"column":52}},"4":{"start":{"line":10,"column":6},"end":{"line":10,"column":52}},"5":{"start":{"line":12,"column":6},"end":{"line":12,"column":57}},"6":{"start":{"line":14,"column":6},"end":{"line":14,"column":60}},"7":{"start":{"line":16,"column":6},"end":{"line":16,"column":61}},"8":{"start":{"line":18,"column":6},"end":{"line":18,"column":59}},"9":{"start":{"line":20,"column":6},"end":{"line":20,"column":52}},"10":{"start":{"line":22,"column":6},"end":{"line":22,"column":71}},"11":{"start":{"line":24,"column":6},"end":{"line":24,"column":109}},"12":{"start":{"line":26,"column":6},"end":{"line":26,"column":19}}},"fnMap":{"0":{"name":"(anonymous_0)","decl":{"start":{"line":3,"column":24},"end":{"line":3,"column":25}},"loc":{"start":{"line":3,"column":58},"end":{"line":28,"column":1}},"line":3}},"branchMap":{"0":{"loc":{"start":{"line":3,"column":25},"end":{"line":3,"column":45}},"type":"default-arg","locations":[{"start":{"line":3,"column":33},"end":{"line":3,"column":45}}],"line":3},"1":{"loc":{"start":{"line":4,"column":2},"end":{"line":27,"column":3}},"type":"switch","locations":[{"start":{"line":5,"column":4},"end":{"line":6,"column":53}},{"start":{"line":7,"column":4},"end":{"line":8,"column":52}},{"start":{"line":9,"column":4},"end":{"line":10,"column":52}},{"start":{"line":11,"column":4},"end":{"line":12,"column":57}},{"start":{"line":13,"column":4},"end":{"line":14,"column":60}},{"start":{"line":15,"column":4},"end":{"line":16,"column":61}},{"start":{"line":17,"column":4},"end":{"line":18,"column":59}},{"start":{"line":19,"column":4},"end":{"line":20,"column":52}},{"start":{"line":21,"column":4},"end":{"line":22,"column":71}},{"start":{"line":23,"column":4},"end":{"line":24,"column":109}},{"start":{"line":25,"column":4},"end":{"line":26,"column":19}}],"line":4}},"s":{"0":1,"1":11,"2":1,"3":1,"4":1,"5":1,"6":1,"7":1,"8":1,"9":1,"10":1,"11":1,"12":1},"f":{"0":11},"b":{"0":[1],"1":[1,1,1,1,1,1,1,1,1,1,1]},"_coverageSchema":"332fd63041d2c1bcb487cc26dd0d5f7d97098a6c","hash":"72f52fac6ba907878520e3e177c118739822dda2"}
,"/Users/paolaclaros/Dev/capstone/Accountabili-buddy/src/reducers/TeamsListReducer.js": {"path":"/Users/paolaclaros/Dev/capstone/Accountabili-buddy/src/reducers/TeamsListReducer.js","statementMap":{"0":{"start":{"line":3,"column":25},"end":{"line":10,"column":1}},"1":{"start":{"line":4,"column":2},"end":{"line":9,"column":3}},"2":{"start":{"line":6,"column":6},"end":{"line":6,"column":28}},"3":{"start":{"line":8,"column":6},"end":{"line":8,"column":19}}},"fnMap":{"0":{"name":"(anonymous_0)","decl":{"start":{"line":3,"column":25},"end":{"line":3,"column":26}},"loc":{"start":{"line":3,"column":69},"end":{"line":10,"column":1}},"line":3}},"branchMap":{"0":{"loc":{"start":{"line":3,"column":26},"end":{"line":3,"column":56}},"type":"default-arg","locations":[{"start":{"line":3,"column":34},"end":{"line":3,"column":56}}],"line":3},"1":{"loc":{"start":{"line":4,"column":2},"end":{"line":9,"column":3}},"type":"switch","locations":[{"start":{"line":5,"column":4},"end":{"line":6,"column":28}},{"start":{"line":7,"column":4},"end":{"line":8,"column":19}}],"line":4}},"s":{"0":1,"1":2,"2":1,"3":1},"f":{"0":2},"b":{"0":[1],"1":[1,1]},"_coverageSchema":"332fd63041d2c1bcb487cc26dd0d5f7d97098a6c","hash":"a9133b966cdad6113459d32646c7cd77da5d7a61"}
,"/Users/paolaclaros/Dev/capstone/Accountabili-buddy/src/reducers/UserProfileReducer.js": {"path":"/Users/paolaclaros/Dev/capstone/Accountabili-buddy/src/reducers/UserProfileReducer.js","statementMap":{"0":{"start":{"line":3,"column":27},"end":{"line":12,"column":1}},"1":{"start":{"line":4,"column":2},"end":{"line":11,"column":3}},"2":{"start":{"line":6,"column":6},"end":{"line":6,"column":28}},"3":{"start":{"line":8,"column":6},"end":{"line":8,"column":37}},"4":{"start":{"line":10,"column":6},"end":{"line":10,"column":19}}},"fnMap":{"0":{"name":"(anonymous_0)","decl":{"start":{"line":3,"column":27},"end":{"line":3,"column":28}},"loc":{"start":{"line":3,"column":73},"end":{"line":12,"column":1}},"line":3}},"branchMap":{"0":{"loc":{"start":{"line":3,"column":28},"end":{"line":3,"column":60}},"type":"default-arg","locations":[{"start":{"line":3,"column":36},"end":{"line":3,"column":60}}],"line":3},"1":{"loc":{"start":{"line":4,"column":2},"end":{"line":11,"column":3}},"type":"switch","locations":[{"start":{"line":5,"column":4},"end":{"line":6,"column":28}},{"start":{"line":7,"column":4},"end":{"line":8,"column":37}},{"start":{"line":9,"column":4},"end":{"line":10,"column":19}}],"line":4}},"s":{"0":1,"1":2,"2":1,"3":0,"4":1},"f":{"0":2},"b":{"0":[1],"1":[1,0,1]},"_coverageSchema":"332fd63041d2c1bcb487cc26dd0d5f7d97098a6c","hash":"3550bbae9d2ec5f1cddf2803f925876b1522d08a"}
,"/Users/paolaclaros/Dev/capstone/Accountabili-buddy/src/reducers/UserScoreReducer.js": {"path":"/Users/paolaclaros/Dev/capstone/Accountabili-buddy/src/reducers/UserScoreReducer.js","statementMap":{"0":{"start":{"line":1,"column":25},"end":{"line":10,"column":1}},"1":{"start":{"line":2,"column":2},"end":{"line":9,"column":3}},"2":{"start":{"line":4,"column":6},"end":{"line":4,"column":28}},"3":{"start":{"line":6,"column":6},"end":{"line":6,"column":17}},"4":{"start":{"line":8,"column":6},"end":{"line":8,"column":19}}},"fnMap":{"0":{"name":"(anonymous_0)","decl":{"start":{"line":1,"column":25},"end":{"line":1,"column":26}},"loc":{"start":{"line":1,"column":51},"end":{"line":10,"column":1}},"line":1}},"branchMap":{"0":{"loc":{"start":{"line":1,"column":26},"end":{"line":1,"column":38}},"type":"default-arg","locations":[{"start":{"line":1,"column":34},"end":{"line":1,"column":38}}],"line":1},"1":{"loc":{"start":{"line":2,"column":2},"end":{"line":9,"column":3}},"type":"switch","locations":[{"start":{"line":3,"column":4},"end":{"line":4,"column":28}},{"start":{"line":5,"column":4},"end":{"line":6,"column":17}},{"start":{"line":7,"column":4},"end":{"line":8,"column":19}}],"line":2}},"s":{"0":1,"1":2,"2":1,"3":0,"4":1},"f":{"0":2},"b":{"0":[1],"1":[1,0,1]},"_coverageSchema":"332fd63041d2c1bcb487cc26dd0d5f7d97098a6c","hash":"ee43d074a7fb3b9f175f356d24d2170e77d8faf4"}
,"/Users/paolaclaros/Dev/capstone/Accountabili-buddy/src/reducers/__test__/actions/fixtures/allPlayers.js": {"path":"/Users/paolaclaros/Dev/capstone/Accountabili-buddy/src/reducers/__test__/actions/fixtures/allPlayers.js","statementMap":{"0":{"start":{"line":1,"column":24},"end":{"line":61,"column":1}}},"fnMap":{},"branchMap":{},"s":{"0":1},"f":{},"b":{},"_coverageSchema":"332fd63041d2c1bcb487cc26dd0d5f7d97098a6c","hash":"93c814f7c7bab4592bc3cf84d5d51f907949bf1b"}
,"/Users/paolaclaros/Dev/capstone/Accountabili-buddy/src/reducers/__test__/actions/fixtures/allScores.js": {"path":"/Users/paolaclaros/Dev/capstone/Accountabili-buddy/src/reducers/__test__/actions/fixtures/allScores.js","statementMap":{"0":{"start":{"line":1,"column":30},"end":{"line":18,"column":1}},"1":{"start":{"line":20,"column":22},"end":{"line":26,"column":1}},"2":{"start":{"line":21,"column":20},"end":{"line":21,"column":22}},"3":{"start":{"line":22,"column":2},"end":{"line":24,"column":4}},"4":{"start":{"line":23,"column":4},"end":{"line":23,"column":41}},"5":{"start":{"line":25,"column":2},"end":{"line":25,"column":19}}},"fnMap":{"0":{"name":"(anonymous_0)","decl":{"start":{"line":20,"column":22},"end":{"line":20,"column":23}},"loc":{"start":{"line":20,"column":31},"end":{"line":26,"column":1}},"line":20},"1":{"name":"(anonymous_1)","decl":{"start":{"line":22,"column":14},"end":{"line":22,"column":15}},"loc":{"start":{"line":22,"column":25},"end":{"line":24,"column":3}},"line":22}},"branchMap":{},"s":{"0":1,"1":1,"2":1,"3":1,"4":4,"5":1},"f":{"0":1,"1":4},"b":{},"_coverageSchema":"332fd63041d2c1bcb487cc26dd0d5f7d97098a6c","hash":"44e011083fbe0e328646cc74e595a830c8cfcba9"}
,"/Users/paolaclaros/Dev/capstone/Accountabili-buddy/src/reducers/__test__/actions/fixtures/allTeams.js": {"path":"/Users/paolaclaros/Dev/capstone/Accountabili-buddy/src/reducers/__test__/actions/fixtures/allTeams.js","statementMap":{"0":{"start":{"line":1,"column":22},"end":{"line":107,"column":1}}},"fnMap":{},"branchMap":{},"s":{"0":1},"f":{},"b":{},"_coverageSchema":"332fd63041d2c1bcb487cc26dd0d5f7d97098a6c","hash":"fb59afa09edc4419197e1decd9e4c711a0c64ac5"}
,"/Users/paolaclaros/Dev/capstone/Accountabili-buddy/src/reducers/__test__/actions/fixtures/userProfile.js": {"path":"/Users/paolaclaros/Dev/capstone/Accountabili-buddy/src/reducers/__test__/actions/fixtures/userProfile.js","statementMap":{"0":{"start":{"line":1,"column":25},"end":{"line":45,"column":1}}},"fnMap":{},"branchMap":{},"s":{"0":1},"f":{},"b":{},"_coverageSchema":"332fd63041d2c1bcb487cc26dd0d5f7d97098a6c","hash":"f31b08764bf46422b16a6e7a16c5ba299b3669b8"}
,"/Users/paolaclaros/Dev/capstone/Accountabili-buddy/src/reducers/__test__/actions/fixtures/userScore.js": {"path":"/Users/paolaclaros/Dev/capstone/Accountabili-buddy/src/reducers/__test__/actions/fixtures/userScore.js","statementMap":{"0":{"start":{"line":1,"column":23},"end":{"line":3,"column":1}}},"fnMap":{},"branchMap":{},"s":{"0":1},"f":{},"b":{},"_coverageSchema":"332fd63041d2c1bcb487cc26dd0d5f7d97098a6c","hash":"818b1c1a166b03b6b14b8a19db52839156e5af56"}
,"/Users/paolaclaros/Dev/capstone/Accountabili-buddy/src/reducers/initialState/LoginState.js": {"path":"/Users/paolaclaros/Dev/capstone/Accountabili-buddy/src/reducers/initialState/LoginState.js","statementMap":{},"fnMap":{},"branchMap":{},"s":{},"f":{},"b":{},"_coverageSchema":"332fd63041d2c1bcb487cc26dd0d5f7d97098a6c","hash":"9ee5410e4b0e2e8f961ed48f0dde4ac183e92bdf"}
,"/Users/paolaclaros/Dev/capstone/Accountabili-buddy/src/reducers/initialState/PhotoEditState.js": {"path":"/Users/paolaclaros/Dev/capstone/Accountabili-buddy/src/reducers/initialState/PhotoEditState.js","statementMap":{},"fnMap":{},"branchMap":{},"s":{},"f":{},"b":{},"_coverageSchema":"332fd63041d2c1bcb487cc26dd0d5f7d97098a6c","hash":"055bbabaf3350a2dfc05f1d8da3be206575b526b"}
,"/Users/paolaclaros/Dev/capstone/Accountabili-buddy/src/reducers/initialState/PlayersListState.js": {"path":"/Users/paolaclaros/Dev/capstone/Accountabili-buddy/src/reducers/initialState/PlayersListState.js","statementMap":{},"fnMap":{},"branchMap":{},"s":{},"f":{},"b":{},"_coverageSchema":"332fd63041d2c1bcb487cc26dd0d5f7d97098a6c","hash":"f225134596cdc0a3279377ef38c8bd18f1adc5e8"}
,"/Users/paolaclaros/Dev/capstone/Accountabili-buddy/src/reducers/initialState/PlayersScoresState.js": {"path":"/Users/paolaclaros/Dev/capstone/Accountabili-buddy/src/reducers/initialState/PlayersScoresState.js","statementMap":{},"fnMap":{},"branchMap":{},"s":{},"f":{},"b":{},"_coverageSchema":"332fd63041d2c1bcb487cc26dd0d5f7d97098a6c","hash":"21a3c1a15735353bbc8668fdc621c2b159fd5fb4"}
,"/Users/paolaclaros/Dev/capstone/Accountabili-buddy/src/reducers/initialState/RegisterState.js": {"path":"/Users/paolaclaros/Dev/capstone/Accountabili-buddy/src/reducers/initialState/RegisterState.js","statementMap":{},"fnMap":{},"branchMap":{},"s":{},"f":{},"b":{},"_coverageSchema":"332fd63041d2c1bcb487cc26dd0d5f7d97098a6c","hash":"e91fb6f748c44366c64cb1f919dd9cc5f27ace50"}
,"/Users/paolaclaros/Dev/capstone/Accountabili-buddy/src/reducers/initialState/TeamsListState.js": {"path":"/Users/paolaclaros/Dev/capstone/Accountabili-buddy/src/reducers/initialState/TeamsListState.js","statementMap":{},"fnMap":{},"branchMap":{},"s":{},"f":{},"b":{},"_coverageSchema":"332fd63041d2c1bcb487cc26dd0d5f7d97098a6c","hash":"4568d521b4ff626c66ed6b4567ab7baec164d41e"}
,"/Users/paolaclaros/Dev/capstone/Accountabili-buddy/src/reducers/initialState/UserProfileState.js": {"path":"/Users/paolaclaros/Dev/capstone/Accountabili-buddy/src/reducers/initialState/UserProfileState.js","statementMap":{},"fnMap":{},"branchMap":{},"s":{},"f":{},"b":{},"_coverageSchema":"332fd63041d2c1bcb487cc26dd0d5f7d97098a6c","hash":"c7c2baa5e0bf9153a8ab73532a68cd840fec432c"}
}
