TN:
SF:/Users/marylai/galvanize/capstone/Accountabili-buddy/src/reducers/LoginReducer.js
FN:3,(anonymous_0)
FNF:1
FNH:1
FNDA:7,(anonymous_0)
DA:3,1
DA:4,7
DA:6,1
DA:8,1
DA:10,1
DA:12,1
DA:14,1
DA:16,0
DA:18,0
DA:20,1
DA:22,1
LF:11
LH:9
BRDA:3,0,0,1
BRDA:4,1,0,1
BRDA:4,1,1,1
BRDA:4,1,2,1
BRDA:4,1,3,1
BRDA:4,1,4,1
BRDA:4,1,5,0
BRDA:4,1,6,0
BRDA:4,1,7,1
BRDA:4,1,8,1
BRF:10
BRH:8
end_of_record
TN:
SF:/Users/marylai/galvanize/capstone/Accountabili-buddy/src/reducers/initialState/LoginState.js
FNF:0
FNH:0
LF:0
LH:0
BRF:0
BRH:0
end_of_record
