TN:
SF:/Users/marylai/galvanize/capstone/Accountabili-buddy/src/reducers/LoginReducer.js
FN:3,(anonymous_0)
FNF:1
FNH:1
FNDA:7,(anonymous_0)
DA:3,1
DA:4,7
DA:6,1
DA:8,1
DA:10,1
DA:12,1
DA:14,1
DA:16,0
DA:18,0
DA:19,0
DA:21,0
DA:23,2
LF:12
LH:8
BRDA:3,0,0,1
BRDA:4,1,0,1
BRDA:4,1,1,1
BRDA:4,1,2,1
BRDA:4,1,3,1
BRDA:4,1,4,1
BRDA:4,1,5,0
BRDA:4,1,6,0
BRDA:4,1,7,0
BRDA:4,1,8,2
BRF:10
BRH:7
end_of_record
TN:
SF:/Users/marylai/galvanize/capstone/Accountabili-buddy/src/reducers/PlayersListReducer.js
FN:3,(anonymous_0)
FNF:1
FNH:1
FNDA:2,(anonymous_0)
DA:3,1
DA:4,2
DA:6,1
DA:8,1
LF:4
LH:4
BRDA:3,0,0,1
BRDA:4,1,0,1
BRDA:4,1,1,1
BRF:3
BRH:3
end_of_record
TN:
SF:/Users/marylai/galvanize/capstone/Accountabili-buddy/src/reducers/UserProfileReducer.js
FN:3,(anonymous_0)
FNF:1
FNH:1
FNDA:2,(anonymous_0)
DA:3,1
DA:4,2
DA:6,1
DA:7,1
DA:9,1
LF:5
LH:5
BRDA:3,0,0,1
BRDA:4,1,0,1
BRDA:4,1,1,1
BRF:3
BRH:3
end_of_record
TN:
SF:/Users/marylai/galvanize/capstone/Accountabili-buddy/src/reducers/UserScoreReducer.js
FN:1,(anonymous_0)
FNF:1
FNH:1
FNDA:2,(anonymous_0)
DA:1,1
DA:2,2
DA:4,0
DA:5,0
DA:7,2
LF:5
LH:3
BRDA:1,0,0,1
BRDA:2,1,0,0
BRDA:2,1,1,2
BRF:3
BRH:2
end_of_record
TN:
SF:/Users/marylai/galvanize/capstone/Accountabili-buddy/src/reducers/initialState/LoginState.js
FNF:0
FNH:0
LF:0
LH:0
BRF:0
BRH:0
end_of_record
TN:
SF:/Users/marylai/galvanize/capstone/Accountabili-buddy/src/reducers/initialState/PlayersListState.js
FNF:0
FNH:0
LF:0
LH:0
BRF:0
BRH:0
end_of_record
TN:
SF:/Users/marylai/galvanize/capstone/Accountabili-buddy/src/reducers/initialState/UserProfileState.js
FNF:0
FNH:0
LF:0
LH:0
BRF:0
BRH:0
end_of_record
